f[1][3][0][0]=0
f[1][3][0][1]=0
f[1][3][0][2]=0
f[1][3][0][3]=0
f[1][3][0][4]=0
f[1][3][1][0]=1
f[1][3][1][1]=0
f[1][3][1][2]=0
f[1][3][1][3]=0
f[1][3][1][4]=0
f[1][3][2][0]=1
f[1][3][2][1]=1
f[1][3][2][2]=0
f[1][3][2][3]=0
f[1][3][2][4]=0
f[1][3][3][0]=1
f[1][3][3][1]=1
f[1][3][3][2]=1
f[1][3][3][3]=0
f[1][3][3][4]=0
f[1][3][4][0]=1
f[1][3][4][1]=1
f[1][3][4][2]=1
f[1][3][4][3]=1
f[1][3][4][4]=0
f[1][2][0][0]=0
f[1][2][0][1]=0
f[1][2][0][2]=0
f[1][2][0][3]=0
f[1][2][0][4]=0
f[1][2][1][0]=0
f[1][2][1][1]=0
f[1][2][1][2]=0
f[1][2][1][3]=0
f[1][2][1][4]=0
f[1][2][2][0]=0
f[1][2][2][1]=0
f[1][2][2][2]=0
f[1][2][2][3]=0
f[1][2][2][4]=0
f[1][2][3][0]=0
f[1][2][3][1]=0
f[1][2][3][2]=0
f[1][2][3][3]=0
f[1][2][3][4]=0
f[1][2][4][0]=0
f[1][2][4][1]=0
f[1][2][4][2]=0
f[1][2][4][3]=0
f[1][2][4][4]=0
f[1][1][0][0]=1
f[1][1][0][1]=0
f[1][1][0][2]=0
f[1][1][0][3]=0
f[1][1][0][4]=0
f[1][1][1][0]=0
f[1][1][1][1]=1
f[1][1][1][2]=0
f[1][1][1][3]=0
f[1][1][1][4]=0
f[1][1][2][0]=0
f[1][1][2][1]=0
f[1][1][2][2]=1
f[1][1][2][3]=0
f[1][1][2][4]=0
f[1][1][3][0]=0
f[1][1][3][1]=0
f[1][1][3][2]=0
f[1][1][3][3]=1
f[1][1][3][4]=0
f[1][1][4][0]=0
f[1][1][4][1]=0
f[1][1][4][2]=0
f[1][1][4][3]=0
f[1][1][4][4]=1
f[1][0][0][0]=0
f[1][0][0][1]=1
f[1][0][0][2]=1
f[1][0][0][3]=1
f[1][0][0][4]=1
f[1][0][1][0]=0
f[1][0][1][1]=0
f[1][0][1][2]=1
f[1][0][1][3]=1
f[1][0][1][4]=1
f[1][0][2][0]=0
f[1][0][2][1]=0
f[1][0][2][2]=0
f[1][0][2][3]=1
f[1][0][2][4]=1
f[1][0][3][0]=0
f[1][0][3][1]=0
f[1][0][3][2]=0
f[1][0][3][3]=0
f[1][0][3][4]=1
f[1][0][4][0]=0
f[1][0][4][1]=0
f[1][0][4][2]=0
f[1][0][4][3]=0
f[1][0][4][4]=0
f[2][6][0][0]=0
f[2][6][0][1]=0
f[2][6][0][2]=0
f[2][6][0][3]=0
f[2][6][0][4]=0
f[2][6][1][0]=0
f[2][6][1][1]=0
f[2][6][1][2]=0
f[2][6][1][3]=0
f[2][6][1][4]=0
f[2][6][2][0]=4
f[2][6][2][1]=0
f[2][6][2][2]=0
f[2][6][2][3]=0
f[2][6][2][4]=0
f[2][6][3][0]=7
f[2][6][3][1]=4
f[2][6][3][2]=0
f[2][6][3][3]=0
f[2][6][3][4]=0
f[2][6][4][0]=9
f[2][6][4][1]=7
f[2][6][4][2]=4
f[2][6][4][3]=0
f[2][6][4][4]=0
f[2][5][0][0]=0
f[2][5][0][1]=0
f[2][5][0][2]=0
f[2][5][0][3]=0
f[2][5][0][4]=0
f[2][5][1][0]=0
f[2][5][1][1]=0
f[2][5][1][2]=0
f[2][5][1][3]=0
f[2][5][1][4]=0
f[2][5][2][0]=0
f[2][5][2][1]=0
f[2][5][2][2]=0
f[2][5][2][3]=0
f[2][5][2][4]=0
f[2][5][3][0]=0
f[2][5][3][1]=0
f[2][5][3][2]=0
f[2][5][3][3]=0
f[2][5][3][4]=0
f[2][5][4][0]=0
f[2][5][4][1]=0
f[2][5][4][2]=0
f[2][5][4][3]=0
f[2][5][4][4]=0
f[2][4][0][0]=0
f[2][4][0][1]=0
f[2][4][0][2]=0
f[2][4][0][3]=0
f[2][4][0][4]=0
f[2][4][1][0]=9
f[2][4][1][1]=0
f[2][4][1][2]=0
f[2][4][1][3]=0
f[2][4][1][4]=0
f[2][4][2][0]=8
f[2][4][2][1]=9
f[2][4][2][2]=0
f[2][4][2][3]=0
f[2][4][2][4]=0
f[2][4][3][0]=7
f[2][4][3][1]=8
f[2][4][3][2]=9
f[2][4][3][3]=0
f[2][4][3][4]=0
f[2][4][4][0]=6
f[2][4][4][1]=7
f[2][4][4][2]=8
f[2][4][4][3]=9
f[2][4][4][4]=0
f[2][3][0][0]=20
f[2][3][0][1]=16
f[2][3][0][2]=13
f[2][3][0][3]=11
f[2][3][0][4]=10
f[2][3][1][0]=16
f[2][3][1][1]=20
f[2][3][1][2]=16
f[2][3][1][3]=13
f[2][3][1][4]=11
f[2][3][2][0]=13
f[2][3][2][1]=16
f[2][3][2][2]=20
f[2][3][2][3]=16
f[2][3][2][4]=13
f[2][3][3][0]=11
f[2][3][3][1]=13
f[2][3][3][2]=16
f[2][3][3][3]=20
f[2][3][3][4]=16
f[2][3][4][0]=10
f[2][3][4][1]=11
f[2][3][4][2]=13
f[2][3][4][3]=16
f[2][3][4][4]=20
f[2][2][0][0]=5
f[2][2][0][1]=0
f[2][2][0][2]=0
f[2][2][0][3]=0
f[2][2][0][4]=0
f[2][2][1][0]=0
f[2][2][1][1]=5
f[2][2][1][2]=0
f[2][2][1][3]=0
f[2][2][1][4]=0
f[2][2][2][0]=0
f[2][2][2][1]=0
f[2][2][2][2]=5
f[2][2][2][3]=0
f[2][2][2][4]=0
f[2][2][3][0]=0
f[2][2][3][1]=0
f[2][2][3][2]=0
f[2][2][3][3]=5
f[2][2][3][4]=0
f[2][2][4][0]=0
f[2][2][4][1]=0
f[2][2][4][2]=0
f[2][2][4][3]=0
f[2][2][4][4]=5
f[2][1][0][0]=0
f[2][1][0][1]=9
f[2][1][0][2]=8
f[2][1][0][3]=7
f[2][1][0][4]=6
f[2][1][1][0]=0
f[2][1][1][1]=0
f[2][1][1][2]=9
f[2][1][1][3]=8
f[2][1][1][4]=7
f[2][1][2][0]=0
f[2][1][2][1]=0
f[2][1][2][2]=0
f[2][1][2][3]=9
f[2][1][2][4]=8
f[2][1][3][0]=0
f[2][1][3][1]=0
f[2][1][3][2]=0
f[2][1][3][3]=0
f[2][1][3][4]=9
f[2][1][4][0]=0
f[2][1][4][1]=0
f[2][1][4][2]=0
f[2][1][4][3]=0
f[2][1][4][4]=0
f[2][0][0][0]=0
f[2][0][0][1]=0
f[2][0][0][2]=4
f[2][0][0][3]=7
f[2][0][0][4]=9
f[2][0][1][0]=0
f[2][0][1][1]=0
f[2][0][1][2]=0
f[2][0][1][3]=4
f[2][0][1][4]=7
f[2][0][2][0]=0
f[2][0][2][1]=0
f[2][0][2][2]=0
f[2][0][2][3]=0
f[2][0][2][4]=4
f[2][0][3][0]=0
f[2][0][3][1]=0
f[2][0][3][2]=0
f[2][0][3][3]=0
f[2][0][3][4]=0
f[2][0][4][0]=0
f[2][0][4][1]=0
f[2][0][4][2]=0
f[2][0][4][3]=0
f[2][0][4][4]=0
f[3][9][0][0]=0
f[3][9][0][1]=0
f[3][9][0][2]=0
f[3][9][0][3]=0
f[3][9][0][4]=0
f[3][9][1][0]=0
f[3][9][1][1]=0
f[3][9][1][2]=0
f[3][9][1][3]=0
f[3][9][1][4]=0
f[3][9][2][0]=0
f[3][9][2][1]=0
f[3][9][2][2]=0
f[3][9][2][3]=0
f[3][9][2][4]=0
f[3][9][3][0]=12
f[3][9][3][1]=0
f[3][9][3][2]=0
f[3][9][3][3]=0
f[3][9][3][4]=0
f[3][9][4][0]=26
f[3][9][4][1]=12
f[3][9][4][2]=0
f[3][9][4][3]=0
f[3][9][4][4]=0
f[3][8][0][0]=0
f[3][8][0][1]=0
f[3][8][0][2]=0
f[3][8][0][3]=0
f[3][8][0][4]=0
f[3][8][1][0]=0
f[3][8][1][1]=0
f[3][8][1][2]=0
f[3][8][1][3]=0
f[3][8][1][4]=0
f[3][8][2][0]=0
f[3][8][2][1]=0
f[3][8][2][2]=0
f[3][8][2][3]=0
f[3][8][2][4]=0
f[3][8][3][0]=0
f[3][8][3][1]=0
f[3][8][3][2]=0
f[3][8][3][3]=0
f[3][8][3][4]=0
f[3][8][4][0]=0
f[3][8][4][1]=0
f[3][8][4][2]=0
f[3][8][4][3]=0
f[3][8][4][4]=0
f[3][7][0][0]=0
f[3][7][0][1]=0
f[3][7][0][2]=0
f[3][7][0][3]=0
f[3][7][0][4]=0
f[3][7][1][0]=0
f[3][7][1][1]=0
f[3][7][1][2]=0
f[3][7][1][3]=0
f[3][7][1][4]=0
f[3][7][2][0]=48
f[3][7][2][1]=0
f[3][7][2][2]=0
f[3][7][2][3]=0
f[3][7][2][4]=0
f[3][7][3][0]=74
f[3][7][3][1]=48
f[3][7][3][2]=0
f[3][7][3][3]=0
f[3][7][3][4]=0
f[3][7][4][0]=83
f[3][7][4][1]=74
f[3][7][4][2]=48
f[3][7][4][3]=0
f[3][7][4][4]=0
f[3][6][0][0]=170
f[3][6][0][1]=106
f[3][6][0][2]=67
f[3][6][0][3]=45
f[3][6][0][4]=35
f[3][6][1][0]=270
f[3][6][1][1]=170
f[3][6][1][2]=106
f[3][6][1][3]=67
f[3][6][1][4]=45
f[3][6][2][0]=322
f[3][6][2][1]=270
f[3][6][2][2]=170
f[3][6][2][3]=106
f[3][6][2][4]=67
f[3][6][3][0]=347
f[3][6][3][1]=322
f[3][6][3][2]=270
f[3][6][3][3]=170
f[3][6][3][4]=106
f[3][6][4][0]=360
f[3][6][4][1]=347
f[3][6][4][2]=322
f[3][6][4][3]=270
f[3][6][4][4]=170
f[3][5][0][0]=0
f[3][5][0][1]=0
f[3][5][0][2]=0
f[3][5][0][3]=0
f[3][5][0][4]=0
f[3][5][1][0]=61
f[3][5][1][1]=0
f[3][5][1][2]=0
f[3][5][1][3]=0
f[3][5][1][4]=0
f[3][5][2][0]=49
f[3][5][2][1]=61
f[3][5][2][2]=0
f[3][5][2][3]=0
f[3][5][2][4]=0
f[3][5][3][0]=39
f[3][5][3][1]=49
f[3][5][3][2]=61
f[3][5][3][3]=0
f[3][5][3][4]=0
f[3][5][4][0]=31
f[3][5][4][1]=39
f[3][5][4][2]=49
f[3][5][4][3]=61
f[3][5][4][4]=0
f[3][4][0][0]=260
f[3][4][0][1]=188
f[3][4][0][2]=139
f[3][4][0][3]=108
f[3][4][0][4]=90
f[3][4][1][0]=188
f[3][4][1][1]=260
f[3][4][1][2]=188
f[3][4][1][3]=139
f[3][4][1][4]=108
f[3][4][2][0]=139
f[3][4][2][1]=188
f[3][4][2][2]=260
f[3][4][2][3]=188
f[3][4][2][4]=139
f[3][4][3][0]=108
f[3][4][3][1]=139
f[3][4][3][2]=188
f[3][4][3][3]=260
f[3][4][3][4]=188
f[3][4][4][0]=90
f[3][4][4][1]=108
f[3][4][4][2]=139
f[3][4][4][3]=188
f[3][4][4][4]=260
f[3][3][0][0]=195
f[3][3][0][1]=270
f[3][3][0][2]=322
f[3][3][0][3]=347
f[3][3][0][4]=360
f[3][3][1][0]=106
f[3][3][1][1]=195
f[3][3][1][2]=270
f[3][3][1][3]=322
f[3][3][1][4]=347
f[3][3][2][0]=67
f[3][3][2][1]=106
f[3][3][2][2]=195
f[3][3][2][3]=270
f[3][3][2][4]=322
f[3][3][3][0]=45
f[3][3][3][1]=67
f[3][3][3][2]=106
f[3][3][3][3]=195
f[3][3][3][4]=270
f[3][3][4][0]=35
f[3][3][4][1]=45
f[3][3][4][2]=67
f[3][3][4][3]=106
f[3][3][4][4]=195
f[3][2][0][0]=0
f[3][2][0][1]=61
f[3][2][0][2]=49
f[3][2][0][3]=39
f[3][2][0][4]=31
f[3][2][1][0]=0
f[3][2][1][1]=0
f[3][2][1][2]=61
f[3][2][1][3]=49
f[3][2][1][4]=39
f[3][2][2][0]=0
f[3][2][2][1]=0
f[3][2][2][2]=0
f[3][2][2][3]=61
f[3][2][2][4]=49
f[3][2][3][0]=0
f[3][2][3][1]=0
f[3][2][3][2]=0
f[3][2][3][3]=0
f[3][2][3][4]=61
f[3][2][4][0]=0
f[3][2][4][1]=0
f[3][2][4][2]=0
f[3][2][4][3]=0
f[3][2][4][4]=0
f[3][1][0][0]=0
f[3][1][0][1]=0
f[3][1][0][2]=48
f[3][1][0][3]=74
f[3][1][0][4]=83
f[3][1][1][0]=0
f[3][1][1][1]=0
f[3][1][1][2]=0
f[3][1][1][3]=48
f[3][1][1][4]=74
f[3][1][2][0]=0
f[3][1][2][1]=0
f[3][1][2][2]=0
f[3][1][2][3]=0
f[3][1][2][4]=48
f[3][1][3][0]=0
f[3][1][3][1]=0
f[3][1][3][2]=0
f[3][1][3][3]=0
f[3][1][3][4]=0
f[3][1][4][0]=0
f[3][1][4][1]=0
f[3][1][4][2]=0
f[3][1][4][3]=0
f[3][1][4][4]=0
f[3][0][0][0]=0
f[3][0][0][1]=0
f[3][0][0][2]=0
f[3][0][0][3]=12
f[3][0][0][4]=26
f[3][0][1][0]=0
f[3][0][1][1]=0
f[3][0][1][2]=0
f[3][0][1][3]=0
f[3][0][1][4]=12
f[3][0][2][0]=0
f[3][0][2][1]=0
f[3][0][2][2]=0
f[3][0][2][3]=0
f[3][0][2][4]=0
f[3][0][3][0]=0
f[3][0][3][1]=0
f[3][0][3][2]=0
f[3][0][3][3]=0
f[3][0][3][4]=0
f[3][0][4][0]=0
f[3][0][4][1]=0
f[3][0][4][2]=0
f[3][0][4][3]=0
f[3][0][4][4]=0
