f[1][3][0][0]=0
f[1][3][0][1]=0
f[1][3][0][2]=0
f[1][3][0][3]=0
f[1][3][0][4]=0
f[1][3][1][0]=1
f[1][3][1][1]=0
f[1][3][1][2]=0
f[1][3][1][3]=0
f[1][3][1][4]=0
f[1][3][2][0]=1
f[1][3][2][1]=1
f[1][3][2][2]=0
f[1][3][2][3]=0
f[1][3][2][4]=0
f[1][3][3][0]=1
f[1][3][3][1]=1
f[1][3][3][2]=1
f[1][3][3][3]=0
f[1][3][3][4]=0
f[1][3][4][0]=1
f[1][3][4][1]=1
f[1][3][4][2]=1
f[1][3][4][3]=1
f[1][3][4][4]=0
f[1][2][0][0]=0
f[1][2][0][1]=0
f[1][2][0][2]=0
f[1][2][0][3]=0
f[1][2][0][4]=0
f[1][2][1][0]=0
f[1][2][1][1]=0
f[1][2][1][2]=0
f[1][2][1][3]=0
f[1][2][1][4]=0
f[1][2][2][0]=0
f[1][2][2][1]=0
f[1][2][2][2]=0
f[1][2][2][3]=0
f[1][2][2][4]=0
f[1][2][3][0]=0
f[1][2][3][1]=0
f[1][2][3][2]=0
f[1][2][3][3]=0
f[1][2][3][4]=0
f[1][2][4][0]=0
f[1][2][4][1]=0
f[1][2][4][2]=0
f[1][2][4][3]=0
f[1][2][4][4]=0
f[1][1][0][0]=1
f[1][1][0][1]=0
f[1][1][0][2]=0
f[1][1][0][3]=0
f[1][1][0][4]=0
f[1][1][1][0]=0
f[1][1][1][1]=1
f[1][1][1][2]=0
f[1][1][1][3]=0
f[1][1][1][4]=0
f[1][1][2][0]=0
f[1][1][2][1]=0
f[1][1][2][2]=1
f[1][1][2][3]=0
f[1][1][2][4]=0
f[1][1][3][0]=0
f[1][1][3][1]=0
f[1][1][3][2]=0
f[1][1][3][3]=1
f[1][1][3][4]=0
f[1][1][4][0]=0
f[1][1][4][1]=0
f[1][1][4][2]=0
f[1][1][4][3]=0
f[1][1][4][4]=1
f[1][0][0][0]=0
f[1][0][0][1]=1
f[1][0][0][2]=1
f[1][0][0][3]=1
f[1][0][0][4]=1
f[1][0][1][0]=0
f[1][0][1][1]=0
f[1][0][1][2]=1
f[1][0][1][3]=1
f[1][0][1][4]=1
f[1][0][2][0]=0
f[1][0][2][1]=0
f[1][0][2][2]=0
f[1][0][2][3]=1
f[1][0][2][4]=1
f[1][0][3][0]=0
f[1][0][3][1]=0
f[1][0][3][2]=0
f[1][0][3][3]=0
f[1][0][3][4]=1
f[1][0][4][0]=0
f[1][0][4][1]=0
f[1][0][4][2]=0
f[1][0][4][3]=0
f[1][0][4][4]=0
f[2][6][0][0]=0
f[2][6][0][1]=0
f[2][6][0][2]=0
f[2][6][0][3]=0
f[2][6][0][4]=0
f[2][6][1][0]=0
f[2][6][1][1]=0
f[2][6][1][2]=0
f[2][6][1][3]=0
f[2][6][1][4]=0
f[2][6][2][0]=1
f[2][6][2][1]=0
f[2][6][2][2]=0
f[2][6][2][3]=0
f[2][6][2][4]=0
f[2][6][3][0]=2
f[2][6][3][1]=2
f[2][6][3][2]=0
f[2][6][3][3]=0
f[2][6][3][4]=0
f[2][6][4][0]=3
f[2][6][4][1]=4
f[2][6][4][2]=3
f[2][6][4][3]=0
f[2][6][4][4]=0
f[2][5][0][0]=0
f[2][5][0][1]=0
f[2][5][0][2]=0
f[2][5][0][3]=0
f[2][5][0][4]=0
f[2][5][1][0]=0
f[2][5][1][1]=0
f[2][5][1][2]=0
f[2][5][1][3]=0
f[2][5][1][4]=0
f[2][5][2][0]=0
f[2][5][2][1]=0
f[2][5][2][2]=0
f[2][5][2][3]=0
f[2][5][2][4]=0
f[2][5][3][0]=0
f[2][5][3][1]=0
f[2][5][3][2]=0
f[2][5][3][3]=0
f[2][5][3][4]=0
f[2][5][4][0]=0
f[2][5][4][1]=0
f[2][5][4][2]=0
f[2][5][4][3]=0
f[2][5][4][4]=0
f[2][4][0][0]=0
f[2][4][0][1]=0
f[2][4][0][2]=0
f[2][4][0][3]=0
f[2][4][0][4]=0
f[2][4][1][0]=2
f[2][4][1][1]=0
f[2][4][1][2]=0
f[2][4][1][3]=0
f[2][4][1][4]=0
f[2][4][2][0]=2
f[2][4][2][1]=4
f[2][4][2][2]=0
f[2][4][2][3]=0
f[2][4][2][4]=0
f[2][4][3][0]=2
f[2][4][3][1]=4
f[2][4][3][2]=6
f[2][4][3][3]=0
f[2][4][3][4]=0
f[2][4][4][0]=2
f[2][4][4][1]=4
f[2][4][4][2]=6
f[2][4][4][3]=8
f[2][4][4][4]=0
f[2][3][0][0]=0
f[2][3][0][1]=0
f[2][3][0][2]=0
f[2][3][0][3]=0
f[2][3][0][4]=0
f[2][3][1][0]=0
f[2][3][1][1]=2
f[2][3][1][2]=2
f[2][3][1][3]=2
f[2][3][1][4]=2
f[2][3][2][0]=0
f[2][3][2][1]=2
f[2][3][2][2]=6
f[2][3][2][3]=6
f[2][3][2][4]=6
f[2][3][3][0]=0
f[2][3][3][1]=2
f[2][3][3][2]=6
f[2][3][3][3]=12
f[2][3][3][4]=12
f[2][3][4][0]=0
f[2][3][4][1]=2
f[2][3][4][2]=6
f[2][3][4][3]=12
f[2][3][4][4]=20
f[2][2][0][0]=1
f[2][2][0][1]=0
f[2][2][0][2]=0
f[2][2][0][3]=0
f[2][2][0][4]=0
f[2][2][1][0]=0
f[2][2][1][1]=2
f[2][2][1][2]=0
f[2][2][1][3]=0
f[2][2][1][4]=0
f[2][2][2][0]=0
f[2][2][2][1]=0
f[2][2][2][2]=3
f[2][2][2][3]=0
f[2][2][2][4]=0
f[2][2][3][0]=0
f[2][2][3][1]=0
f[2][2][3][2]=0
f[2][2][3][3]=4
f[2][2][3][4]=0
f[2][2][4][0]=0
f[2][2][4][1]=0
f[2][2][4][2]=0
f[2][2][4][3]=0
f[2][2][4][4]=5
f[2][1][0][0]=0
f[2][1][0][1]=2
f[2][1][0][2]=2
f[2][1][0][3]=2
f[2][1][0][4]=2
f[2][1][1][0]=0
f[2][1][1][1]=0
f[2][1][1][2]=4
f[2][1][1][3]=4
f[2][1][1][4]=4
f[2][1][2][0]=0
f[2][1][2][1]=0
f[2][1][2][2]=0
f[2][1][2][3]=6
f[2][1][2][4]=6
f[2][1][3][0]=0
f[2][1][3][1]=0
f[2][1][3][2]=0
f[2][1][3][3]=0
f[2][1][3][4]=8
f[2][1][4][0]=0
f[2][1][4][1]=0
f[2][1][4][2]=0
f[2][1][4][3]=0
f[2][1][4][4]=0
f[2][0][0][0]=0
f[2][0][0][1]=0
f[2][0][0][2]=1
f[2][0][0][3]=2
f[2][0][0][4]=3
f[2][0][1][0]=0
f[2][0][1][1]=0
f[2][0][1][2]=0
f[2][0][1][3]=2
f[2][0][1][4]=4
f[2][0][2][0]=0
f[2][0][2][1]=0
f[2][0][2][2]=0
f[2][0][2][3]=0
f[2][0][2][4]=3
f[2][0][3][0]=0
f[2][0][3][1]=0
f[2][0][3][2]=0
f[2][0][3][3]=0
f[2][0][3][4]=0
f[2][0][4][0]=0
f[2][0][4][1]=0
f[2][0][4][2]=0
f[2][0][4][3]=0
f[2][0][4][4]=0
f[3][9][0][0]=0
f[3][9][0][1]=0
f[3][9][0][2]=0
f[3][9][0][3]=0
f[3][9][0][4]=0
f[3][9][1][0]=0
f[3][9][1][1]=0
f[3][9][1][2]=0
f[3][9][1][3]=0
f[3][9][1][4]=0
f[3][9][2][0]=0
f[3][9][2][1]=0
f[3][9][2][2]=0
f[3][9][2][3]=0
f[3][9][2][4]=0
f[3][9][3][0]=1
f[3][9][3][1]=0
f[3][9][3][2]=0
f[3][9][3][3]=0
f[3][9][3][4]=0
f[3][9][4][0]=3
f[3][9][4][1]=3
f[3][9][4][2]=0
f[3][9][4][3]=0
f[3][9][4][4]=0
f[3][8][0][0]=0
f[3][8][0][1]=0
f[3][8][0][2]=0
f[3][8][0][3]=0
f[3][8][0][4]=0
f[3][8][1][0]=0
f[3][8][1][1]=0
f[3][8][1][2]=0
f[3][8][1][3]=0
f[3][8][1][4]=0
f[3][8][2][0]=0
f[3][8][2][1]=0
f[3][8][2][2]=0
f[3][8][2][3]=0
f[3][8][2][4]=0
f[3][8][3][0]=0
f[3][8][3][1]=0
f[3][8][3][2]=0
f[3][8][3][3]=0
f[3][8][3][4]=0
f[3][8][4][0]=0
f[3][8][4][1]=0
f[3][8][4][2]=0
f[3][8][4][3]=0
f[3][8][4][4]=0
f[3][7][0][0]=0
f[3][7][0][1]=0
f[3][7][0][2]=0
f[3][7][0][3]=0
f[3][7][0][4]=0
f[3][7][1][0]=0
f[3][7][1][1]=0
f[3][7][1][2]=0
f[3][7][1][3]=0
f[3][7][1][4]=0
f[3][7][2][0]=3
f[3][7][2][1]=0
f[3][7][2][2]=0
f[3][7][2][3]=0
f[3][7][2][4]=0
f[3][7][3][0]=6
f[3][7][3][1]=9
f[3][7][3][2]=0
f[3][7][3][3]=0
f[3][7][3][4]=0
f[3][7][4][0]=9
f[3][7][4][1]=18
f[3][7][4][2]=18
f[3][7][4][3]=0
f[3][7][4][4]=0
f[3][6][0][0]=0
f[3][6][0][1]=0
f[3][6][0][2]=0
f[3][6][0][3]=0
f[3][6][0][4]=0
f[3][6][1][0]=0
f[3][6][1][1]=0
f[3][6][1][2]=0
f[3][6][1][3]=0
f[3][6][1][4]=0
f[3][6][2][0]=0
f[3][6][2][1]=3
f[3][6][2][2]=3
f[3][6][2][3]=3
f[3][6][2][4]=3
f[3][6][3][0]=0
f[3][6][3][1]=6
f[3][6][3][2]=15
f[3][6][3][3]=15
f[3][6][3][4]=15
f[3][6][4][0]=0
f[3][6][4][1]=9
f[3][6][4][2]=27
f[3][6][4][3]=45
f[3][6][4][4]=45
f[3][5][0][0]=0
f[3][5][0][1]=0
f[3][5][0][2]=0
f[3][5][0][3]=0
f[3][5][0][4]=0
f[3][5][1][0]=3
f[3][5][1][1]=0
f[3][5][1][2]=0
f[3][5][1][3]=0
f[3][5][1][4]=0
f[3][5][2][0]=3
f[3][5][2][1]=9
f[3][5][2][2]=0
f[3][5][2][3]=0
f[3][5][2][4]=0
f[3][5][3][0]=3
f[3][5][3][1]=9
f[3][5][3][2]=18
f[3][5][3][3]=0
f[3][5][3][4]=0
f[3][5][4][0]=3
f[3][5][4][1]=9
f[3][5][4][2]=18
f[3][5][4][3]=30
f[3][5][4][4]=0
f[3][4][0][0]=0
f[3][4][0][1]=0
f[3][4][0][2]=0
f[3][4][0][3]=0
f[3][4][0][4]=0
f[3][4][1][0]=0
f[3][4][1][1]=6
f[3][4][1][2]=6
f[3][4][1][3]=6
f[3][4][1][4]=6
f[3][4][2][0]=0
f[3][4][2][1]=6
f[3][4][2][2]=24
f[3][4][2][3]=24
f[3][4][2][4]=24
f[3][4][3][0]=0
f[3][4][3][1]=6
f[3][4][3][2]=24
f[3][4][3][3]=60
f[3][4][3][4]=60
f[3][4][4][0]=0
f[3][4][4][1]=6
f[3][4][4][2]=24
f[3][4][4][3]=60
f[3][4][4][4]=120
f[3][3][0][0]=1
f[3][3][0][1]=0
f[3][3][0][2]=0
f[3][3][0][3]=0
f[3][3][0][4]=0
f[3][3][1][0]=0
f[3][3][1][1]=3
f[3][3][1][2]=3
f[3][3][1][3]=6
f[3][3][1][4]=9
f[3][3][2][0]=0
f[3][3][2][1]=0
f[3][3][2][2]=9
f[3][3][2][3]=15
f[3][3][2][4]=27
f[3][3][3][0]=0
f[3][3][3][1]=0
f[3][3][3][2]=3
f[3][3][3][3]=25
f[3][3][3][4]=45
f[3][3][4][0]=0
f[3][3][4][1]=0
f[3][3][4][2]=3
f[3][3][4][3]=15
f[3][3][4][4]=60
f[3][2][0][0]=0
f[3][2][0][1]=3
f[3][2][0][2]=3
f[3][2][0][3]=3
f[3][2][0][4]=3
f[3][2][1][0]=0
f[3][2][1][1]=0
f[3][2][1][2]=9
f[3][2][1][3]=9
f[3][2][1][4]=9
f[3][2][2][0]=0
f[3][2][2][1]=0
f[3][2][2][2]=0
f[3][2][2][3]=18
f[3][2][2][4]=18
f[3][2][3][0]=0
f[3][2][3][1]=0
f[3][2][3][2]=0
f[3][2][3][3]=0
f[3][2][3][4]=30
f[3][2][4][0]=0
f[3][2][4][1]=0
f[3][2][4][2]=0
f[3][2][4][3]=0
f[3][2][4][4]=0
f[3][1][0][0]=0
f[3][1][0][1]=0
f[3][1][0][2]=3
f[3][1][0][3]=6
f[3][1][0][4]=9
f[3][1][1][0]=0
f[3][1][1][1]=0
f[3][1][1][2]=0
f[3][1][1][3]=9
f[3][1][1][4]=18
f[3][1][2][0]=0
f[3][1][2][1]=0
f[3][1][2][2]=0
f[3][1][2][3]=0
f[3][1][2][4]=18
f[3][1][3][0]=0
f[3][1][3][1]=0
f[3][1][3][2]=0
f[3][1][3][3]=0
f[3][1][3][4]=0
f[3][1][4][0]=0
f[3][1][4][1]=0
f[3][1][4][2]=0
f[3][1][4][3]=0
f[3][1][4][4]=0
f[3][0][0][0]=0
f[3][0][0][1]=0
f[3][0][0][2]=0
f[3][0][0][3]=1
f[3][0][0][4]=3
f[3][0][1][0]=0
f[3][0][1][1]=0
f[3][0][1][2]=0
f[3][0][1][3]=0
f[3][0][1][4]=3
f[3][0][2][0]=0
f[3][0][2][1]=0
f[3][0][2][2]=0
f[3][0][2][3]=0
f[3][0][2][4]=0
f[3][0][3][0]=0
f[3][0][3][1]=0
f[3][0][3][2]=0
f[3][0][3][3]=0
f[3][0][3][4]=0
f[3][0][4][0]=0
f[3][0][4][1]=0
f[3][0][4][2]=0
f[3][0][4][3]=0
f[3][0][4][4]=0
