4.999603693 3.000000026
0.499999959 0.500000041
0.999766637 1.000000027
3.499999988 3.500000012
-0.000000056 0.000000056
-0.000000024 1.414213580
0.999999944 0.000000056
4999.802882345 99748.696733237
49998.952278157 49999.000000023
82560.486822986 131366.771387031
-2.222780845 2.682296052
1.999603693 3.000000026
-44127.148610684 145504.399662044
-4.837086976 1.069689004
3.041215644 3.627684042
115664.467375211 10919.170763013
-3.000653640 4.000000053
1.375157297 2.039684033
22497.412329999 149293.117184035
-4.000466727 2.000000054
1.999766637 1.000000027
159374.292691910 119113.708940022
0.999498764 5.000000025
-5.000396307 3.000000026
84637.728967201 164531.403174017
-1.247999504 0.397603006
1.999533273 2.000000054
139207.810239285 109247.458860040
-1.000233363 1.000000027
1.999498764 5.000000025
-105943.978773236 125303.088899020
-1.000653640 4.000000053
-5.000396307 3.000000026
75100.868041856 101882.664991004
-0.175361167 4.109720009
4.200855562 4.502524020
-64321.474651405 185258.946533040
-0.530079463 1.925421045
-2.238036420 3.124669024
125216.106503813 82218.224159047
1.999346360 4.000000053
-4.000653640 4.000000053
-141037.233095596 50963.786754010
-0.000233363 1.000000027
-3.359436439 2.934704035
82597.530216472 92058.069729617
0.047583135 4.864273984
-3.501172482 4.292835643
49787.730605774 169424.318177014
-4.459872388 4.977990020
-1.083696289 3.368685053
14150.316934137 157705.614555193
1.999346360 4.000000053
-0.142857151 4.344830384
57622.533399285 128853.775175575
1.496565588 4.230053030
0.999999955 2.236067997
-43330.850378420 148950.395456926
-1.964007665 2.903444596
-0.612242876 4.404398679
-26305.587314173 133832.781593013
-0.860555810 4.591357017
0.562499963 5.562500016
-61720.251266523 152841.812600002
0.000579544 4.469190129
-0.949075324 2.031506907
10088.157197835 154608.923574773
-1.500000019 4.716990576
-0.000501236 5.000000025
94381.053848585 54999.454020044
0.459479421 3.906941215
3.499999706 3.041381313
15588.935083615 184918.145787472
-1.396117739 3.617615041
1.220591261 4.084847016
-13437.650307222 139668.429345985
-1.686618002 2.117305054
0.835353087 4.344946014
-30633.160741603 130082.283757327
-1.056623024 3.299390039
-1.618141337 4.848446034
63264.211065264 127289.919944040
-2.750000080 1.250000048
-4.004862745 4.060805026
59820.102108880 184017.327120034
0.895821219 3.808887039
0.555311718 3.864209619
74679.277246438 119640.408563049
0.183807048 4.981917989
0.099999982 2.900000018
-38147.758044258 166463.412602791
0.357142813 4.794235509
-1.181818184 6.262178220
-143044.351358784 113881.943551053
1.083333312 6.351399684
2.285714279 6.585388901
75210.265455657 176033.196668035
-2.027823601 5.132385461
0.104069685 5.203856457
-12352.214895236 156454.626929703
0.619373761 4.953467470
-1.140983138 3.113483860
20696.320528159 150730.600452398
1.583333307 4.673358311
-3.837794995 6.118127560
-1628.902429160 177309.221345012
-3.333333906 4.013864907
-0.861842409 5.271136250
-22546.933027802 143251.192881888
-3.177646924 4.636279249
-1.000501236 5.000000025
-13338.562747065 133719.373132724
1.875969112 3.677442351
-2.375000089 6.032464306
92329.399971466 94687.703938001
-0.000501236 5.000000025
-0.500000047 5.315072937
81671.925290922 130999.881152671
0.699999897 4.205948201
-2.312500030 5.676500381
39359.685000683 148903.699361713
-1.500000048 5.408326953
0.271030837 3.531430037
-10290.033542019 156769.992019856
-1.750000033 3.750000033
2.333333267 4.333333359
-7982.209280049 165937.277122830
1.316302985 6.344034353
-0.538062929 6.325668156
41562.065168533 189820.314742017
-0.863636373 5.948296522
-0.699487357 5.082651633
25365.895931645 177933.385811013
-2.301199513 4.078057003
0.599999460 5.015974525
-43340.635499699 175043.762737026
0.999094017 8.000000051
-0.000000004 8.062257750
-49430.056222820 179771.831653019
0.409090868 7.554895542
4.372075174 5.007950055
29735.803166114 173943.823891742
0.999419487 7.000000024
-0.625000060 9.637978304
62939.208130953 136450.513374020
-1.653846196 6.653846196
-0.497307159 7.383631540
11316.065025266 171321.361515375
0.615384604 6.690539123
2.749999005 7.004462899
-97076.951421738 175241.824403038
-2.500000021 6.020797305
2.999999947 7.280109904
54422.469976064 126496.396374576
1.785714284 7.224179921
-4.000580513 7.000000024
-59150.619524477 172319.307996049
0.003341436 7.618766951
-0.909090959 7.161074789
12350.608419439 149410.917516801
-1.500000017 8.200609747
-2.054633252 8.246086647
-37455.917222369 145497.309058051
2.099999947 7.000714286
-5.363636393 8.423206854
-39607.165762028 169682.425135320
-0.250000018 6.250000018
-0.115384674 7.721962125
6679.204706665 163295.154816556
-3.000580513 7.000000024
-0.509653501 6.713855027
59259.529815606 172864.021082741
-5.479899314 7.431691040
0.446651282 6.851855694
7390.242203804 105762.728201231
3.256442093 6.920604034
2.748886100 8.676959484
2902.964308479 148640.994341920
3.070563399 5.047187057
0.536373208 8.390725226
-15637.174327170 154152.661096696
0.249999979 4.250000019
4.873746233 5.769389022
6587.810381857 177128.476296917
1.399999922 8.772684912
-3.590909103 6.666339536
-6315.923356809 122898.796891202
1.258656507 4.320259039
-2.620623404 7.497656274
-25762.367005766 161805.421769023
2.248248833 8.715080713
1.428571385 8.144110220
-22934.829438211 150596.928022162
-0.787967503 8.877251045
0.792711899 11.243346698
-7038.550147014 165581.174394913
-3.500000076 11.101801700
4.998997527 10.000000050
53738.598062361 172596.626143051
0.621184738 11.437963632
-2.394736888 11.783039877
8832.116142895 168440.176139373
1.269597292 6.840942257
0.115382622 11.937547673
-65198.619963833 186626.666796030
-3.875000005 10.075496271
-1.738080300 10.732205236
35975.219513716 145995.611277483
-3.533148345 7.045651451
-0.533180869 9.376082466
-41170.744897384 163773.963843983
-2.616355704 11.924008114
0.147058776 11.312064507
43665.983633579 132792.703408879
-0.538461585 10.981695386
-3.333333388 12.018504303
-40603.922359438 181851.880131256
1.001635765 11.883875994
-1.857142925 10.738068879
-12586.514762760 161889.531565151
-3.500000099 6.500000038
2.088767274 10.058448796
73595.866857961 104814.804709197
6.998997527 10.000000050
3.158609246 10.548582952
24597.802633556 186983.156886034
-4.222477198 9.842375692
-1.120518987 9.993087191
2172.634765168 136084.757459742
1.419449693 10.781992132
-1.923076939 8.539847440
18738.918477256 172880.960519317
-0.550000021 10.010119900
-1.100467305 8.720988653
12621.818588213 169545.070734189
0.825947144 7.991174833
-0.491526317 8.464416001
30057.756969524 149772.400309722
-2.750000020 8.003905316
1.810085821 8.235986004
19153.350536396 176506.843171165
-0.210526371 10.992442678
0.460826452 7.414465153
-62013.436647755 168980.727896173
-0.316775337 8.377399441
-3.875000011 6.206095804
34651.996235382 156889.425045881
-0.556753314 8.206350821
0.249999813 9.410765167
-26727.874322501 164254.334739600
0.650241744 11.233318109
2.999999911 13.601470561
-18747.796410395 157722.061169596
-0.457117161 10.007368711
-0.000000041 12.529964122
-3671.651570428 149517.537932464
2.124999950 13.528326792
-1.532003884 9.303957438
20016.702491335 196133.308276614
-1.979782926 14.043511631
2.197677277 12.208294820
16945.063743619 153848.922645750
0.034767781 9.664348211
2.473980220 12.652938919
9979.611222468 165770.761802464
0.156218041 14.435876716
1.668632173 15.565706557
-21406.408769196 180477.058795370
-4.666666717 11.822765267
0.458333277 11.271353240
1064.846903173 159679.787739564
0.535714198 10.583065535
0.999999888 12.369316904
-23943.786448168 167750.649325560
-0.447368448 13.158552636
1.005529748 10.695925201
27768.802575682 151476.902016667
1.264235812 12.878032585
1.550366407 13.412775890
30969.662502251 165826.534031133
-2.000000023 13.000000021
0.499999916 13.313527003
30089.880183028 194590.746290635
-3.181818207 13.332679072
-1.791155295 12.350383827
31958.845178441 186267.879292046
1.348369153 11.742315731
1.773777627 15.341731052
25063.908600288 150646.924408970
-0.900848328 11.130046662
-1.656250082 11.488827834
6348.358803303 121582.859250680
5.192307550 11.352670914
1.574999993 11.618116247
15426.644490089 177298.244802115
0.529018724 11.735835026
-6.269230810 11.615448325
-33743.538294634 178505.295573117
3.474564861 13.538049071
1.022727259 13.436739610
13856.511475450 172407.348227488
-5.785714314 9.081546681
-2.071545631 10.615835433
-5799.806192288 151713.959003874
-0.029411779 11.677063261
1.093611228 8.856191336
22238.106391979 195173.722193631
0.269230730 10.520830318
-0.330882206 14.679774063
37091.731498753 183263.639134235
5.234351247 11.354456264
0.999304842 11.000000022
10803.205458742 167455.931878335
-1.120909947 14.130832726
1.142857003 12.142857164
-59922.279077067 184241.159152221
-3.666666681 15.835964706
-3.492557256 15.174922818
-50097.711588849 174494.847766882
0.818668558 13.566783585
-2.353784322 12.906595237
33715.151151176 156894.181673639
-1.181818182 14.271279603
-0.000737385 13.000000021
-37873.804314685 139590.781996601
2.551352003 15.473617054
-3.731685131 14.454929476
-18357.504961724 151766.238268569
0.411764659 14.081448729
1.871696416 10.056145194
26816.150690378 173895.862289053
5.333333225 11.948965595
-1.968750011 13.012051214
-35095.234336635 150713.767008925
4.880952326 12.880952416
-5.823726598 13.231310270
-8074.202518798 169324.520964742
-9.000000054 13.038404856
0.936712203 15.345515969
14742.677223686 157269.964356499
1.676470559 11.498796415
4.749999976 16.250000012
-23103.517070965 133744.236443245
0.739130419 15.042787127
-3.574495816 13.517019393
-788.580163404 150011.739986800
1.824914626 17.016875298
3.312499871 14.189702524
-4697.337452016 165192.567731731
-0.956964429 13.556806178
-1.880000062 17.107144756
-18524.053570462 153905.039128710
1.562499930 16.345990561
0.305555503 14.040972940
-17514.042900040 154682.874179302
-4.764705972 15.142346543
-4.071428591 14.382706470
29411.100944294 146434.144914442
0.497123111 15.153035882
-3.522727349 15.930261943
8948.860412013 178550.381653486
0.624999976 12.515615266
2.854325355 12.674406857
-12409.123476796 183266.610225052
-5.562500039 13.226541751
1.895758864 12.119982074
-26077.430700585 151222.234217485
-1.750000016 12.905909508
-2.000000178 13.601470561
4988.333531684 163277.596611111
2.691599521 15.336707071
-2.080926694 16.732581765
-11971.235522862 150675.506345621
-0.121403828 16.672425884
7.999262615 13.000000021
-9352.290629310 168062.887053733
-0.500000010 16.224980748
-2.961538548 12.067181310
-19419.564939829 166585.021746324
-2.386363701 13.915792407
1.224849823 15.335200554
13887.299496219 179729.326795053
2.999999984 15.811388310
6.044500291 14.093424150
-45778.028626649 154875.275391653
-5.152883936 13.724442638
4.999999731 10.198039080
367.482818745 154086.937109943
1.272727250 15.123185648
-0.500000045 16.101242228
11935.011906256 161280.238501094
-1.319389646 17.610311931
-4.000000066 18.601075291
41471.119688293 187117.333557529
0.799999997 16.298466188
-1.500000034 18.607794083
28424.663736643 159175.987772209
8.008837425 16.375707401
-8.000000094 15.264337572
37500.500724234 169300.906920022
-15.000771885 15.000000020
-3.153846163 19.329745304
-54749.534682202 156572.984762626
-11.743765525 14.650978652
-7.230769242 18.245531197
225.457555163 184534.206987552
-0.478444953 16.728452124
0.539017611 16.062820629
93564.576342529 146505.447072010
-0.800000039 17.321662771
-1.410714330 19.756303926
-29922.707357846 172853.449786570
0.096153756 17.974597921
0.999999945 19.104973215
-41565.431164967 155000.873888145
-2.340677918 17.135333152
1.499999972 15.206906345
-13228.924206413 151145.587169055
-6.312500060 17.750990344
0.999228115 15.000000020
49345.411227247 186203.072543523
-2.263528803 18.267036939
0.499999966 17.414074793
31698.385410542 160394.437701938
-1.137931049 17.590702617
2.878295817 19.083826852
17686.096191467 153060.976972930
-0.129032305 19.310298249
-2.571428618 16.571428618
-489.305885166 152828.145447537
-0.788461548 17.674583519
3.317270500 16.454985652
-40462.362051282 175781.490715732
2.812914118 12.717680187
1.446454061 16.030443750
3622.997691795 143384.815655234
2.434906922 14.782900959
-6.715780411 9.370162979
12068.401264319 144872.849233091
0.630434760 17.177008538
-1.050000026 18.401154878
12479.449082113 158023.193986889
-2.761904810 15.888286353
-1.181818199 17.099610949
2001.734105151 192082.104341573
-2.000000002 14.035668849
1.374999987 18.381801470
18275.980171145 182217.588850730
-1.000000090 18.601075291
-1.730143319 14.373625623
1729.949910985 186298.140527841
-1.770689404 18.599309815
2.142857120 17.595222002
-49109.349403391 150072.072250207
-10.181364681 15.229881023
4.886502959 15.032036227
61827.297314922 151067.242740610
-1.462963013 15.372880247
1.640864793 15.653446706
-43952.963308696 163580.284207709
-4.098841859 14.500653289
1.999999986 17.804493824
43855.647520520 166046.217018490
-3.111111136 17.140307007
-6.263157936 17.358928850
-38822.174803476 154324.597060218
2.992922220 21.042821208
-3.227272750 22.664686572
1477.730722415 160429.089058722
1.826950880 19.673280449
5.635748229 19.082100067
35295.244867780 173486.793584643
-7.794193161 17.751131232
0.357714837 20.829252545
3477.635735376 132598.358476455
2.400265034 17.286463427
3.314585050 18.227006959
-18592.901281084 152891.939501298
0.397521527 21.393076144
-4.733333391 20.025095415
-19683.250920283 182276.203566978
0.249999952 19.275956553
1.869565188 19.751049851
19997.001438986 107048.911690222
10.057692174 19.292372533
0.027777581 17.712227296
-8745.614541186 197645.995476614
0.081184860 22.452525505
-1.924863825 16.349227028
-38624.576443694 192501.329598027
1.086121946 19.596329004
4.716629033 18.577009986
-50749.326131735 114414.271434549
-1.914285740 24.140219657
2.592639748 19.135407370
4346.311560248 153171.274928310
2.499999974 19.448650357
-2.178571458 17.969113253
-21951.375279696 182561.283699478
3.189198246 19.694255005
-0.645833355 18.049711947
33778.833183671 173321.786808012
-2.909090952 22.731817761
4.615384493 15.377113582
-42942.931306948 186470.875306544
-3.267490954 19.409029939
1.149999984 19.116027317
54898.606324203 184787.527913011
-2.361222451 22.489956120
0.791572213 18.489680620
57804.861310129 170619.252847226
-1.125000090 17.132297747
-2.100000048 22.556817192
3408.578984741 163766.515434038
-0.106060629 19.329182865
5.801991047 16.643375234
10454.016949358 163291.870740656
0.538272829 14.523025005
-2.196969745 21.797470218
-42920.633654395 187110.540693036
-3.796730813 17.218982018
-0.500000004 19.006577812
12038.444071903 163406.769132402
-5.195652175 18.630130383
-1.375000003 13.243512564
-43078.155134586 169382.134372009
-5.342636685 17.331963365
-3.148984177 20.654327193
-16058.922267208 155648.922537055
-5.682556766 18.700074600
0.153846081 19.908072801
-21657.456148280 183602.157444618
-5.214285733 20.984080473
6.480769213 18.588674822
44436.975082020 164201.424682042
-7.096774235 20.196047501
7.999999613 18.027756399
-45507.343548160 162985.347805067
6.075423255 16.752774223
0.609374954 20.313852156
-44787.881447633 172809.938545959
-0.014596491 21.183183929
1.539999942 17.653656870
-35099.901925543 168259.959409944
0.505933860 20.676172940
-4.250000008 20.348525753
-36395.232200508 171355.259639794
-5.318181873 20.416378588
-0.569208878 18.425581116
49288.835507261 170410.838161827
48228.106323225 185888.128224898
-39466.356485369 154414.206653186
3.255848751 25.499100553
6492.796807860 186984.271993040
6.836236872 239.336333419
-25579.474266963 174759.190965657
-41119.016595346 190232.383160571
10.372526148 1857.337906919
28.405299243 2203.791658884
-49101.515265630 198130.292689558
48327.638878775 157960.642909627
23265.461694939 190271.053919000
-5798.445571985 188896.493775015
-26070.111982199 151768.945737596
29493.778489819 159108.619429638
-17.104000005 1246.703038749
25065.631538392 168221.070815378
-46688.640621263 158124.086578892
-25076.663343512 172683.564019838
-29.699988163 1638.710369511
-48506.931440302 181746.956312456
14.062728199 2675.920781292
-35354.963623235 175455.259516455
0.657553217 2281.112469305
-13717.597733059 175236.239225052
32722.678869096 187372.707159850
-31804.064644478 152597.630778184
-3674.487400629 171245.180901225
-44200.700040263 161572.335106996
-37.724560338 1872.129820168
31176.791820558 162112.868064668
-16973.298860914 181019.969305751
-22378.754343807 170005.173697252
28084.931575468 184175.179982593
-3.032258105 2163.770007724
31.085580660 1606.460730941
13.555648765 2707.955370385
28629.399725215 168940.005236873
-1.467983548 14.382684710
-7124.120109366 173912.314867686
16743.604307160 180164.057269838
235.737176430 30365.531681564
51.417745194 47698.959576847
-12839.048502280 169108.851814148
-26570.531632596 159111.564063674
38.987460382 59508.722745238
13391.382471262 175522.028767972
-2594.945083979 176396.050408145
35950.151489102 178716.785510347
