6121069
15548872
12694509
21369484
31969683
4337270
34465338
3916080
3708567
36367475
33585924
1973136
17914309
25262538
20527210
29553344
5133552
1281466
7549046
9284155
9227571
37215966
4478188
32513710
1149791
6028874
15086087
984319
7182320
3483531
15235908
732688
7841115
13773884
4716691
992883
2983231
1376358
14787873
24566644
16320010
4215705
4733799
4757597
4567362
7138418
23486096
13677814
14346214
1875689
2249123
4936626
4146288
13349953
24333721
11493506
33028645
2617161
7913155
17532667
9632618
2081860
1016319
938845
701942
12426549
9936243
5455330
7565540
13882074
949227
1344301
5975908
11426240
20231022
26199424
1832320
8739533
9345289
3613804
4807385
7923867
5103463
769445
27157332
9215377
5587086
5551408
7549861
7597423
12468765
9358304
35634205
513443
1693857
2843453
19202170
7426969
15820716
5461245
36604742
18667032
22164870
2739763
10593690
2469642
1001789
9057563
16300349
39391972
3001941
12795459
4551381
4731812
3363590
12027360
4643270
4461519
22143722
1004444
12770834
20735584
6103367
12751891
8110083
917464
34005499
7668866
14445844
7032861
12634982
864973
3938969
11801727
805587
21171648
888793
21465017
6973882
2946791
12566688
24219269
4650300
888757
523943
22772020
12554689
32383507
2959793
4844392
4938016
2720070
1013829
932645
1024504
3567073
10622639
21781143
16620778
831859
1045180
419871
11454513
492728
24355575
4485588
950968
2829576
19165527
11165562
1770657
10394469
4867674
4548161
23820898
32104586
9330990
1000415
21268363
2862851
3004862
12464017
21698560
11833659
7646838
24024800
5947628
20713200
25864266
6180166
4471760
1008344
2454183
22527856
3555733
17793503
4968052
1588731
18799231
12414538
17992691
22563375
7842265
10551766
905416
988689
1910987
26908837
12400615
1911602
2359587
13746251
13323253
4676759
30693980
4217304
28828594
16320587
13801603
12276934
11253068
42015500
15259925
15001108
13540157
23852170
1881363
8562822
12435724
8707213
11663756
7008570
11562168
5720194
1862191
8124676
9196027
1251912
2604364
25508544
5827545
2572995
13704330
4705123
10088160
2964831
11698562
25072485
15843527
24439341
3745549
11378550
9023168
507448
41984195
991290
10407009
9203554
472289
6616944
4395313
11944499
13643799
8718743
5388065
17860507
3380423
9144285
2394517
20920214
28573250
17827640
26250146
6482555
18212625
18242311
913488
41560904
17779494
19811765
1168134
31012707
2700137
1440542
15345279
2225284
7319256
26631093
12595945
932288
3341633
6007935
1993421
871412
7969013
9428568
2741703
7829885
31620251
12748592
15248655
22817195
7261004
3079036
18556766
10565462
2610232
15133598
3500136
14275406
11074209
8598905
6668140
4649897
26312826
1121475
5349329
2618903
7435048
6661299
15017894
6457072
22401036
4335334
15576391
6833748
12590262
11903565
15059424
8721880
957486
3648375
937498
3597265
3720325
1983285
870355
18827682
11100545
12021206
9313755
19530385
7869977
994258
8723900
1946415
3595810
2833485
9944035
1709222
19354099
13797834
11013130
3203914
3140982
7127570
14394391
8275515
9397990
528421
16261715
19329584
994659
9558460
11093373
17070559
17919172
1059884
15111561
3447793
19163258
3000664
11148771
17123019
14205504
8665146
17900641
12118402
2291416
970931
4957429
26890263
2537563
33961668
12767898
5337500
1843441
26491984
2895444
9977699
25483641
15720775
10422955
945168
14711270
2665506
970918
516706
19150248
8801738
25939203
9073238
22814503
11455165
2220195
889868
2791277
36281868
23925159
24917480
4811442
3956740
560973
1933531
1879731
7534844
6725684
727577
807318
2790221
12540014
21362350
7886201
2791734
3347776
3360565
3825630
8109104
15074452
1924152
5599197
1800777
10894801
5489509
17502250
909852
1236022
7198629
36644872
22476161
11401115
2155312
37086497
4210046
11261056
8299313
734173
907667
8843794
2758778
22853449
5611860
6932577
17236435
16688151
38409214
8448096
19574095
38922631
21997586
1660570
4405093
1920475
896280
793846
6313588
998094
7436689
3002094
3032455
2449104
3094351
20121174
3505849
2651972
36729353
23936582
1465317
3382952
9645458
13747650
25185833
22598458
973149
1860867
12114902
1910055
8188297
29639183
33854524
35505699
26959913
915937
8214646
7196971
2764680
885063
7032986
6476303
19086817
9303215
4654535
989165
24046841
2846068
2660038
18397205
23313866
21704199
1001263
17217091
3734772
10614799
6941063
7007323
12093857
19572282
7709758
16572954
927922
20782020
6684349
16267241
10378945
15589326
1915125
14445009
3172266
24656707
21744137
4088647
3785340
3051994
15458571
21160579
13383008
25304336
8850746
23026640
5000078
818683
10621859
2068088
18064056
16540139
9094253
2722761
15966581
2543725
8419563
3883081
4603470
20398700
3818351
40983298
26064859
15750245
8084919
5742313
173006
5490260
15512446
21491506
1056050
20274203
17376860
1912222
716457
16369871
20451168
1607404
29305223
6043829
8130799
27254680
1859597
12827621
13442408
8376505
5813772
13089024
5369452
13781949
19021418
6219494
29155042
3766413
999786
3041325
12036361
18889426
19662828
24119689
1810710
16506577
4857667
3607040
6676390
1707814
27339795
3331232
8568186
1006781
8908529
1002930
15402217
24537269
4224222
3215697
10025674
6386359
4804852
2860624
7562899
190245
2701741
820235
8006303
1326908
8021962
14230645
22856680
23573967
1974027
4318388
3728800
5049753
1975568
4472896
9730241
12954678
8907082
19905812
7675752
7885352
14187756
1803216
8161388
21537655
42863093
9430069
17516930
2847653
11135935
5369826
11796525
2288692
20742572
11279089
4643958
12695515
5011689
6640934
917088
1007485
24805714
2770997
2749897
14465724
4662758
12802256
11815421
30126221
25786209
6232357
8078429
22025547
18591874
28917708
24734690
1904715
13177747
3725986
15495338
20768934
5646893
2749284
5924002
26347067
14341628
2771038
33419315
8871723
846957
933978
985069
2522938
3540080
1001341
6102746
1002354
6318263
1863296
24217523
7145072
37106259
34732877
5847995
14562453
13189481
16961686
21446481
9904269
2618935
6102439
10800994
4170170
5036092
20393532
27828219
29465218
3841034
48564955
928233
3425097
29221343
11293345
32289378
6161298
4902841
12924754
32183064
13674891
1283267
21022898
21590958
5879303
24944212
27009611
8269491
4579511
7986487
32659073
2575445
17586910
23744329
6894760
34430491
14178427
25972435
20765167
5834801
3857208
18835563
20843688
455934
11363145
22361824
20651934
19487140
16832063
3627044
19756950
10246379
11287108
13807414
8096614
1611061
15628889
699490
13236470
8359861
7962259
8458054
17289402
1935890
28529792
5377405
4161033
1888561
33940217
33733442
15524105
8424286
25500619
7823591
5295371
39557955
2583763
8912397
44554681
37223500
7370589
17551569
9899220
1966581
30733995
16656261
4800550
866156
450345
31859409
16849788
681473
31716277
10170929
4307331
24594400
7457497
2551941
31603229
2806196
8907214
41135707
16694261
1492073
5070174
15637688
7045613
14567416
5529486
12246687
6894616
14128349
5531494
1880659
12801274
6430479
4202224
8953582
17768456
16560992
26436870
3803520
4258608
18414867
789611
6439556
1953135
8593455
651124
4549978
21660809
7983201
3716472
1803646
36708607
42196518
2862457
12674515
3813630
5162803
11873104
18230080
24338273
32145629
24021575
3157612
6918642
3356972
11292366
2814176
16832460
22962715
6350934
861629
42004719
5128548
4118339
16248425
8108128
18400202
7787964
901694
6838727
24757379
21304284
9372545
17806834
1839953
19455349
14885056
3927637
3478350
5867744
13663722
3700096
1764558
12730536
1737414
6985471
1877314
596498
1754435
28930353
898020
8305452
8446010
8462997
32695407
4274377
1483201
267343
10642897
2104436
8271377
15421478
18975303
13190798
12470671
1873183
10516321
7759874
1999820
951302
6667584
9534051
5781588
14479427
14238037
14124843
15873676
5829040
3105540
26878464
1917938
11370068
2677184
26605196
6615003
13273548
9110351
15100564
2430882
31152568
12313978
15291962
18156434
2802638
5794779
21004057
2408074
5275275
19701496
1941674
2827836
1778306
16823808
16607658
11899691
19195664
1570155
16431073
4615780
1440691
14553963
951938
14136810
1886147
14135128
36503966
864766
1450029
21242080
7707493
2333911
12666611
11415493
1041306
2781868
4403538
4628413
3499548
10290360
14599409
14078473
1886836
12066785
9563677
25813569
1888765
6867244
11778415
6073434
3622466
8101849
8120127
17713502
940342
6253741
4620175
2734625
1856065
14627393
8315516
2831455
83629
21825619
19454306
1889611
1858290
9704046
1881387
17036175
17160707
5253490
6337963
13871978
8392025
1875598
946455
15576516
30920415
19510868
20595936
7103629
4578870
1827108
7221801
22230933
3772809
3452378
11952165
7835263
19757486
20501947
34283780
12790467
21697794
2893135
1045940
21683226
1689047
2713322
9081259
19842117
875418
25273228
2650101
5276643
22651749
6363004
3854311
1806050
7786127
10332523
18245035
955438
13482365
15290145
7973840
1856407
4301335
20570172
6200993
24159825
3596619
981295
10463710
10436508
8890907
10527985
10523321
16390382
6564152
2140744
14156947
20775671
75948
14775711
17391112
7547592
1888841
12050199
2517201
3271840
6631585
5701768
875427
4877921
13011000
8824610
3622314
19682219
14542969
6145355
29435434
6150517
1654089
6797558
7654147
7557386
1954121
18287473
38053268
2498181
15699423
7397280
31174981
33520410
3932815
19297895
24265245
2469471
4392490
9129581
4177884
41498419
11478857
18936302
21032897
19324701
9050242
28496461
17406071
26581480
2141492
8510299
6449567
5252677
35948679
15075101
32904097
27002296
7242147
3768457
1674320
7817832
29079127
5780258
4762302
25937928
6447735
18743914
926020
36145292
9759288
10986529
5639049
10881134
15407329
19008830
24701668
2855342
1824516
8763320
5830349
6944058
42430818
7263146
1917758
2664006
3450897
13712031
14205839
4737027
1398486
7056877
2415936
13031360
8104899
33523568
13807974
15330367
39245389
20348254
2094438
2654146
2920448
3265330
19440209
15281769
8830201
676253
10119141
7318066
2561618
1755735
10225080
9829549
990826
1824818
7288728
17991686
4991831
29558100
1770298
33356196
1042321
7133105
21274265
8108981
984741
2104670
21598057
29383091
6790232
913403
985847
30740135
2616226
5535496
7744310
16092671
3970543
2921604
4667896
11366267
20665164
3766365
1072475
13074764
988060
1527400
19268696
5880694
7086433
17437807
20302414
9019507
26851993
28900293
22833229
35151449
6557333
6929460
1920253
10777982
3822780
26511902
2227436
25427235
13825426
29220079
10247983
27483490
20300813
10996265
9721354
23497351
3140215
5954333
32278871
21205256
8631608
6154760
15159519
14706975
38197699
8558315
3285918
4699288
1660313
3875162
25922863
861671
14848656
21630724
10794230
7865546
3824461
6044131
1704925
4104670
2732299
14062488
14467497
7918567
5182934
26267976
12753222
6569718
5468545
752594
27015795
20493506
2655714
6537987
26631754
13450319
13452123
2770699
1372689
9582491
3364759
9397002
5490329
4614735
2341564
23111891
4355375
3680227
19506340
19595603
12526207
4617243
22663762
11670492
6907512
17664280
752720
7205378
18609652
29563412
5373964
11808384
995160
7967099
21320640
2736494
8572473
23475679
27272585
29883116
33066503
13704400
8045816
42828421
6370566
2942284
996414
10637490
19312129
33018217
24938382
6182551
8928136
18339684
7794553
1473143
2970184
1954169
32007599
3414046
34242718
20414602
7617419
10245991
41642973
15764296
1984675
2831036
4536750
25039261
16104687
25862439
16843910
26898552
5933368
29181889
762092
688690
7142077
13022883
11841169
20159235
11142754
7257535
21012031
11940988
6774319
16298727
29041404
13691096
6434775
11312612
34362040
11520773
3454045
42354696
20006187
23670369
2101069
1041840
29084217
2979681
10562697
47620986
7129339
3910753
2090413
38325802
9165716
15141609
24265892
15094778
9456519
20315095
1015317
16310816
985514
1994977
8133036
9293988
5948269
1914208
5573137
2853818
5006936
23538321
912257
1672218
11927994
9192314
14874919
12717689
974756
10641560
1848985
31055903
777846
741557
3019467
41055014
1125795
28999905
6272016
28401226
12173277
47431483
500915
28589626
13238797
21220897
8820860
25311936
5341434
4379743
1750856
8358733
2508348
6950117
2867485
3568653
2626337
1001245
20904901
8030636
2846372
2705928
14584016
836325
741192
14452866
3717982
11527039
20973417
10764820
2576654
9695164
13316242
2343616
3153930
10569458
2993391
1751961
5701592
2909618
1189514
7795826
3168114
34750324
7251117
25046241
8722101
1363908
7298192
5813825
4624282
21595457
39812546
19617450
2513123
19882044
13451775
12203828
1246644
1752719
12262547
3885594
27013550
13214675
10812165
27238022
7737006
3561981
3385778
19378306
1947616
28400180
13139797
13411404
27854294
12355838
12195632
6737170
17485257
13668353
7768121
21112699
5858624
1966241
43225988
19077661
33516920
10583275
20631629
10878451
5898318
30798289
5279208
5200848
1672905
1965895
8930894
7752524
14139863
6395159
26836662
1591581
15430698
23438339
13866407
4549379
6320890
26795687
13814763
9022682
5700603
21823768
30847591
4604242
4628522
10618678
18052096
3146180
5778376
9862840
10622929
13953393
8693614
5964959
5562130
4735240
25579507
23996383
22115835
2922032
31569784
6582288
15244974
5816646
16277739
648239
2061083
2615829
10214587
4911883
1012678
27786177
9867933
4769261
3882775
28918398
20748752
24230669
17913179
22003523
628154
26036187
7942392
3748816
5485288
21934875
2213457
23336509
1840306
13244245
11142498
6455017
15939127
11317422
8888721
3243431
3639149
17932777
2916265
22687632
6670533
21138546
15775788
6252285
5778376
23995843
17393686
2061083
26725124
13896553
11524009
874097
5767531
13340096
692351
1911234
9740811
39032762
4286375
11461483
1652627
11759563
10383960
963893
11561856
850303
35611858
8107378
8042374
1980002
10116193
5240199
5080456
2558133
18609962
2848736
3561161
25594348
4104438
2817396
19262131
20639261
1591412
22190156
3208028
12045471
1020888
744915
995688
6245570
22833402
963278
3889279
6218247
16276818
21478701
3099467
13971327
1037856
7334885
29026871
6348290
6671672
15913328
3271679
29746784
4925608
7043654
11871564
1872736
1983962
25736039
27042792
13952437
13778018
21241767
6293094
14338264
2596296
9166698
31528923
7081719
16375813
7330218
2807506
6733906
3476428
14840394
16195681
2806181
7694761
12834289
9449710
1556591
27240048
29771819
1925192
15958951
22606699
2431842
2558133
9906179
2792726
12075338
963129
12343006
4385787
4213162
11051072
19839826
7292873
4997105
13092274
36212895
20404443
10262808
1644064
1420517
5848472
18172690
14042651
3850477
943897
4954697
3596486
30175121
21584650
396256
21611965
21429895
4469988
16842776
4767434
9700441
37621458
13887949
886888
22113542
10005441
28627825
961417
7210020
3291956
19768103
13591074
35522641
8283857
20641652
6636597
26408327
12661417
10085750
25441147
25500360
6114527
34428008
1939733
14280213
9491807
1371419
12312403
942455
13397042
931829
21221922
5526188
7717511
15561415
23444866
943872
22476906
11769230
19520659
4593169
24700816
4096714
1770527
4245079
1881545
9168863
5616642
1394090
14046794
11602768
19868889
6490442
17518725
7772114
4290074
9428776
961619
34842085
20731696
2443912
1852095
19079324
887597
2445245
20284561
536085
22428104
5936463
1686224
19832051
31215388
2918689
16307875
1814257
2692184
8435915
9624292
2191105
26744387
2804152
32395420
4946057
32708260
3061158
6118048
20638881
15214656
4048165
9434050
693197
8307519
2936522
17579197
17759491
12665673
47027386
16864301
7167743
36268830
1973686
9492938
15966801
21124126
2561093
9207198
5688700
11378616
21218390
225783
15893703
4440784
9589829
21436002
1846219
612250
39956815
11441194
5497096
2661886
8968628
12363558
14554117
13213334
35517232
8238966
11495634
33915521
12362717
948839
1974281
875584
875600
9480778
11612987
3628659
3831364
23448351
11284690
1944549
11179143
8532889
8020375
3203312
22226381
4988200
13158118
14164300
3241360
5002247
5892553
8553168
26722059
250810
4105302
2967489
4825431
455580
41137811
5643242
7241876
8874813
10255358
13950895
3826666
22724277
1237938
17263901
35820033
940725
20288245
3319486
1374147
3533557
7904768
1974646
10753564
5252917
21352427
7166723
4284230
10280231
1336104
12108440
33720904
10192090
20805659
2631260
962080
7526634
34162176
7841243
14741424
11004901
11663695
535089
5191722
30008807
23384063
756593
5367111
6065939
22302529
926124
5357197
14103376
7433670
25303638
16401848
6089299
10540729
1105071
9198427
26850591
963397
656900
17246817
19620049
15153995
11955973
19034797
979527
4573358
2474251
13986023
9232267
33609549
2147830
8080156
12751672
2747141
14545839
5143793
970728
5349414
36473979
27749302
36059224
14229742
8579041
37141393
890264
12525271
6504657
3154319
3886424
46269431
768439
27726648
29979266
19030804
14519916
15163502
18962166
10435461
981004
2774373
31958716
2833142
20883141
1906464
1855280
30112399
12263692
22593983
596696
33736075
6361862
2204963
27985337
11345927
4376524
6959108
2603467
2054670
1916346
3236629
11100230
13312458
14651214
10719401
954327
819118
22470911
12343593
3642533
13627254
8485568
2733789
22095980
23493685
16727863
3108668
12316378
14916538
23939596
5491369
4612949
2069809
14285487
3690320
35132151
7066408
17365718
1858144
3827131
11095616
4363771
2434195
284764
948306
8686709
2792505
22585328
16026057
21097633
10388001
13391249
25608450
39835805
21543180
31833556
7100149
27536895
9473044
2917466
27946530
14338815
6897664
725684
17434357
11715165
10277966
3089228
945057
28769834
939817
1769673
32177261
12200452
3813006
14554622
12678921
26512838
15271832
27695482
36018571
18230463
11756639
7984475
2720671
5596819
5003494
25179317
878683
22796807
4654862
29266101
3935444
32600904
7218376
30098198
33939795
2370912
977699
8162398
13346176
9273696
14707164
40284434
1529426
6107651
977673
2698020
18233133
354537
9949772
974858
2729056
1483903
9734444
3072379
12503084
3871134
19623640
43076588
8305154
9367407
4431570
6212535
11466481
14036719
5762961
14112694
699029
15608639
10489391
24148696
1414397
3810822
8147815
11904456
4714730
4305099
19700754
1470898
30140393
1795161
7555426
489883
10594573
20543360
31164612
16122588
2036911
20366232
15600870
8717201
14196416
5704273
4982157
4428094
9472281
2639295
2271881
3748334
18387687
17710067
958441
6230489
24541611
3749810
17587351
782308
1221750
15906917
22646443
6904757
6487980
5233143
13694980
4713772
4422260
14877778
22461840
18630006
6623345
2888564
4950378
4828521
944181
1812946
14194143
992215
11022248
2400499
23946008
1782195
2016046
1782195
8199044
33068358
14293940
18516284
2605316
2764466
5836050
11769958
3650174
4383737
5421540
29915960
1565383
32784561
7376864
2510236
737541
15148694
7478044
2421799
11070763
9480280
6253735
45343961
990459
1872981
5648964
26579098
14248570
33102109
12772912
6232535
4120174
10138800
8222207
18203358
1176769
3700065
5838650
29187999
22846001
1714732
21855666
14767065
10610610
10450203
14729568
9131252
4253575
1778837
29055120
6590109
4743200
1767980
5951437
1875280
20399743
16701989
4975417
7584536
10559441
14458533
4539838
3855387
14468721
6719310
24985828
6388466
19767416
3559160
1861547
3772633
11547003
628811
8639692
12373151
5932865
30481993
6273751
10753495
1872145
26339477
16903593
17834771
6762367
5934192
6740153
16608984
852876
3220499
23263808
8361651
4798542
17314477
14413278
2325866
3884688
20499418
25900258
4082614
12677601
4612853
10346382
13356513
3326743
997665
2564606
2562284
5568934
650188
13574879
10161405
8557160
2198589
849568
9095654
10397512
2369201
14861865
7016716
9414465
6407799
14628074
4805090
5280947
3446295
14458533
17695008
9421182
34007835
32756664
809816
22650164
30991572
32074869
6884243
15228510
17528662
19710612
9937944
46056491
33900634
14455011
8562638
20287107
13892392
21876876
1466985
33112018
3244553
906237
1874454
3041075
5712939
4874161
6725230
3928619
25887124
40099922
3844479
747065
25407233
41014969
947808
5560394
17883479
2538298
8066473
6509280
15613339
20135780
1523756
1778799
18572691
11013887
6202025
18187050
866829
39902590
6298297
22069082
4193838
13528742
7561592
947659
1545079
8341574
955318
5623805
614675
22061749
5160960
32805525
3613028
9366044
2713786
7089936
16347385
11323518
15203541
1997784
41580132
15826398
1348310
4926514
6002472
7260061
11243148
25511180
5468010
7450147
12254208
4292447
19062923
15740091
5842237
43144293
3906858
3162065
2941157
4292447
12791862
5745419
11066881
12705379
12476921
8450258
4962851
23453678
52004829
43493218
27546019
19683660
2809321
3266517
2480809
29602480
35855880
1916611
13122679
11692659
16976897
17444036
20249038
10352787
3416934
10488730
26310018
5095306
8144645
8819762
41454643
3608669
26671362
4204769
937689
6573709
15535555
5334647
1396363
832419
12407976
29626279
4811268
8502809
934005
10682838
9917101
11293385
16218715
1396286
38225964
13156770
33474050
7177195
1736102
39171943
25833613
51804640
37873670
29465021
14979301
14350387
34749057
3608556
12737296
4885717
14638586
25370477
5979933
13338104
2467744
7040368
19293281
24824746
14315538
977637
22744335
16875388
3635062
13101091
7602090
6224113
20054028
21793321
8690153
38694781
8422980
1894883
17556631
3849035
11049115
2168791
11239599
17880148
4648177
19309806
8646293
987234
17549208
13214634
2764871
26124747
1912299
13176759
24051559
8698104
879653
19255305
11188177
2450141
12533475
4696033
3545877
5788436
2790435
2787061
3838518
19612070
4266586
38207578
1195005
379952
5243020
17942087
22200550
1497406
13082262
16517658
1349222
330236
11274634
7733084
13673426
5730874
5200906
8839559
9361801
710261
31013090
3870615
5694351
4146784
966654
123601
5020879
1413563
28363459
31335706
645817
39178880
10688662
2790938
4520300
37266219
6683328
10592879
878352
10477129
4697029
7537371
961635
1226713
27966413
1635195
2309545
9694846
810021
11498671
3358816
27328686
7694987
20027071
2736020
927422
917110
34280404
14714197
994452
20627806
1846167
4764094
3614870
933781
27398075
284790
36155755
42585100
4929940
1239118
12068115
5881478
8617756
19646780
14023155
1935086
8786613
878406
11038474
5679465
13476583
929172
819407
35918907
4125373
7396448
13470592
15224191
991819
16564537
6500470
17157566
1849546
9888505
26197756
5226526
2435167
7080899
8598272
18597863
40466961
28540386
3120341
5659062
2934350
3960008
3959579
20290885
14033786
17475403
2002859
5616747
45683070
972901
4879485
696574
6017341
3955495
1474534
19487406
8103530
18306876
5522239
4970818
17890071
6210689
8810615
25460392
4406307
1000023
3930132
5671080
6367595
22109232
14172414
5113087
5809033
1751689
29176182
19556155
9193550
5707227
41030838
42136004
8972828
5555582
3679158
41917459
1950547
35770571
30636053
32853831
10374406
1715758
15851555
29002755
8696245
3035661
24372030
25861990
12706404
12708699
17873921
3179817
33880670
21751745
7510375
2011097
2548260
1192770
32261497
8878207
16266002
17942215
4872620
16848027
1807517
8245501
5525760
26349084
19516863
14335899
7372005
23317488
19762518
5455284
12669812
794938
4902851
23964909
19068181
5640051
363188
8746757
13820577
14293506
905927
16167864
46832783
21114178
7396021
17005756
15243838
4033352
27893879
2838915
8391938
7357162
835850
6499478
10181731
30890550
23859856
16182219
6932141
6159170
1739197
16590862
1913725
13801492
683497
4595422
2090843
31151545
10213798
19813669
2656237
5951467
869360
13551958
8748572
11577598
3202791
17974086
28025403
16251102
922761
2581954
13231229
19877104
13082784
3654719
7486067
8210593
4999774
1381743
5244838
1693398
8134690
15220158
7174532
21241549
4394745
30225421
8708906
3540251
17172013
4816201
20814140
1181666
11746789
25296296
26968136
7920481
9051325
23883846
21360732
5279972
21474467
907386
726062
21662559
4743953
18872560
4508353
2657348
25369262
36085477
22934697
18420675
11619627
3850448
35334982
18189328
4869757
2118253
9296466
30567457
19687286
6782886
3711765
8742521
14560507
9254919
35634312
13549984
12758315
17442658
32435946
4906969
13576919
16345326
15587393
4459252
3272626
40792729
4190677
13529628
4178338
14131097
11764620
1289419
1272669
23068788
21518628
3507399
3884984
6103469
24511155
24967037
34069588
17386374
6167760
16029415
19388730
4926886
4216832
1008209
23013852
2432642
6082340
32801911
931584
14710001
5865907
1783203
22728601
5614979
3782171
16693919
12259415
4586690
5768195
7263439
6238341
911137
3616366
2087091
2749000
8369662
3923487
13014535
29311823
5669065
3536016
2849444
4707004
23351117
1889656
3545102
6628691
2788470
12963678
954980
13669204
29806138
5463407
28317513
9920585
11463644
9639605
2764974
3089554
8648812
11930177
6544401
33563514
7253085
19833824
14139439
910332
7047489
24153324
1878575
4413599
21946749
3460424
36849165
10369989
21608684
31034676
31485089
24161660
20592943
885010
17479049
6090673
17129102
21662091
1738074
9665923
3140102
41520145
6571803
4451831
3284267
2913485
35761990
20649490
10942766
20401470
8683874
2826363
7356036
3814588
174674
1442680
1933071
4659089
2839817
3501577
21902789
995596
23647229
5393197
11841125
8834418
16955467
14560688
43830848
30292097
8361008
5912422
9828010
16205022
14624308
15071568
6981252
4127611
1763780
5447415
15483228
17904043
10344062
7934929
2809593
24064672
6160387
10823472
18668816
30505168
13382474
8339001
18315306
2771871
10088301
1927786
17531238
30544276
26424717
8298017
1228668
12030984
14632330
4503021
4282174
11964583
11240215
9060429
4412844
3599872
8968481
10062306
23253533
4299660
3922708
16865227
11799789
5306947
8088826
43520901
9083507
26758919
2906213
8668771
37836304
4646105
22214049
15811732
4450606
6109766
25314710
8556139
13534650
4972288
6721342
25159452
2640031
23946839
3677654
17690151
3366131
3656148
19816747
9826777
3658671
30212084
3922165
19875709
17569704
26740838
21672064
4347779
6765750
26756939
11595426
2903428
16585355
6523809
22277692
992631
6095360
1722675
540231
2389812
117447
12211599
8036757
14527545
992003
9236199
1820284
4663497
14926400
7208978
8508224
8508413
4822971
1021824
1819913
6557946
7550436
7511909
766921
18715535
661666
822804
25410184
17308252
4112490
19298495
36835603
10857087
26361572
3750778
32725284
19125837
4262238
3458012
23734148
1849908
11749764
4731450
7241251
30408525
35069896
38335703
4053925
16770892
6589795
11418729
15146183
1049448
2369061
30996249
1224080
18611242
941211
11814152
6456275
16427316
15143158
20717620
2661392
14109102
6237539
1735419
1843393
10132006
7774395
2767878
974597
4768455
23314881
1628744
3798149
8544769
2858332
2608291
18857990
18752386
4388754
1710882
30856273
4426175
1506704
20726731
12907803
15363154
2772064
6904495
923275
13488810
7840741
20228147
3692521
8797426
7935049
10284179
26338116
23799802
33359598
7475882
9594880
13585869
6411289
3642087
6003078
867252
867252
793187
4572627
3305553
21940843
8272400
511018
3099943
1001410
12262860
7040858
15450552
29806536
5767640
30907526
1908802
958901
17038003
2534315
25584810
6364418
2623589
4042728
747292
30394582
15338158
1817010
27375085
903631
3655078
9557833
9559377
12617244
1930264
9478680
2031107
5348060
3801925
8448846
20856871
17888173
6341664
26018768
9729531
1452320
25366936
29135132
1679843
12070558
18212879
1856171
7386474
3605127
3182615
16006017
18004184
6745333
12520633
19616289
13092622
24771303
3705563
3896065
33968410
3823838
3621167
15699353
5662316
1000862
25838055
946865
6209875
8702868
28128019
21456038
6189484
2668756
13382935
33382174
1151202
1402167
20461177
4530833
894287
978972
7563431
912605
14850342
7126671
30540307
6039080
15347242
5828303
7009404
6263429
3606722
1864161
5233778
23840387
40223066
937246
20550207
14281005
17096451
24806156
19739280
1707285
25291094
1916703
7247768
16389828
2458161
3368363
278427
3109204
935518
11009150
9691041
6438413
6544095
3970937
38339094
322155
40467568
3246359
8754832
2127800
32163024
2804853
14877410
36427056
3731706
14859638
18841004
14317300
12324151
4371352
14554991
11246460
23632531
20573944
760640
12522695
1918816
11301311
4104247
2522461
23194956
7523479
14727171
4107899
10845802
1897463
1236839
21214408
590599
608158
2145248
20104449
1589017
3642217
18652904
1896699
12404357
530167
29303685
35286290
5601371
845324
21670140
5401749
28415408
916841
19664142
2440574
13086051
13913062
982016
828522
6607040
32931634
18739126
8602052
9236207
738539
5501262
25893592
21618075
11139336
37066512
17657967
3312420
3826583
7523005
1844640
983470
20408060
4723241
31022995
878132
919859
26229949
25172773
12504724
22259001
28147307
5988490
9571918
8021987
12390010
23490247
30568042
6332365
8035085
21337383
18942081
6775331
4037914
20972296
2619085
2279798
977547
4834224
6962192
249541
1404355
3484139
31714841
30561761
1578749
2830339
12648865
7485127
35135198
8844122
5396928
977351
18391322
6485511
18660624
14547260
979350
2882483
3978779
1745391
35708200
2496418
8524954
17215775
3615164
9193682
4073654
2588936
3825917
2673144
22813811
17325295
8992213
2813353
1900496
41384515
5377482
14404083
14080578
41620058
19586961
16350497
6178900
12940867
790519
3668260
21867397
3401643
6122466
15174264
22350063
10565680
4764221
14993115
17024319
21607164
23406637
8659608
4403432
16732701
2010307
13345647
34886556
7564940
855778
5735439
9336062
4866506
28995140
456742
10628638
2250831
1026806
6494884
32948557
12633202
5160061
12226646
13485792
15755080
18581408
37388283
30131197
18526854
9227331
11552457
27477522
19291237
13729944
36678755
3777295
29412092
883121
2847161
6656193
378636
4307507
2986639
3533289
26471776
2833533
12921859
16704335
12648810
7434883
18512909
33076405
1387980
12113582
8399138
18146458
2649665
25833611
28099101
739081
2893723
23590687
24286567
649443
11686628
24538657
4890244
1911093
1050700
11021865
5867290
21949929
10837977
11216104
14531140
13627737
2783422
11080629
1865613
10470819
24526940
11332743
1979580
15837023
36638401
13299219
16785479
17695111
845311
9811926
15222674
23253409
9642910
23284524
24221224
8545116
1096998
15070080
26432935
11203894
10166419
960230
2707703
960230
2566317
6447709
26777634
9331382
1000765
4997840
26214950
1228014
11504566
32291521
4199879
34272270
13267440
8615862
1004684
8121373
11458715
16871804
11606391
17082846
745935
44093169
16496318
11080554
996103
6351967
963647
14838889
28976104
23997210
1707731
16414208
14645186
4306660
23132261
220004
4329233
25808087
32859304
7820136
35994992
5989772
10827058
11821915
8498105
23797492
4973806
1704013
20682602
4863676
39065267
15008553
911687
4317910
2334883
35919838
25761780
20972611
5789479
943008
7603892
18455172
1349901
12490319
998466
8393556
14915798
33648429
4180947
4000234
4671230
36231470
12386828
14996110
8491178
22393998
2863578
1246193
18089996
21275955
2411821
4102507
500014
8422451
7529731
29877535
6433460
3897927
1007640
2995126
4040073
2949498
25720683
18346948
12721737
22271533
18130472
895140
16866658
29794555
18306083
8289479
20627002
1154938
1901596
3612193
13290791
6524016
645050
38589435
33008622
4788025
4406315
1691078
24782465
982592
11318985
4530077
4334899
4577396
33468263
18627377
17115907
917082
2747009
36185142
20492351
5690110
9113928
606732
1286670
2040651
4270911
2639452
17563659
9275079
2044558
5714833
9926041
42344410
3878566
2338627
6162668
7089908
14117553
6624564
8918614
34738028
7991312
14927996
9413695
8192000
5030046
2549298
8686363
5754982
2671420
27340971
33245385
34480225
2185988
3182147
11254913
876995
4638197
4882211
1008865
27853587
5661019
11008611
7089908
994129
7213462
5529462
15212421
7264152
17346945
29263233
10550487
16320969
11910030
29107693
11088172
15716227
1973609
25063697
3823547
5224576
7629119
20649055
18555309
23111372
12277861
20438154
2112638
3513516
4955820
12451035
40761021
14751570
10082776
10391572
3645570
3150219
14641249
5718996
29479062
11549359
11232206
11477247
25825430
9336704
13460722
8409291
15449332
35232014
839534
25115628
6938410
24923081
15221212
2861340
10732253
1224162
25466857
32434496
12992914
969587
1523427
2871109
10125190
23632573
18260962
2173044
6330734
6692819
12558195
5149658
26942575
16368225
23604183
32228494
17735250
3091404
28673587
6262959
1448786
972427
4197138
12530203
183271
1783023
6466054
7783018
35512124
2716015
17650229
939552
2271185
16301036
44683248
969562
14765745
26290439
24204723
1695565
2466879
4704605
5386794
10355510
11809509
11100091
27324087
19048459
4535691
29872317
12476325
30610250
1072546
15371100
2344300
6934442
32188847
38658264
3854894
7885277
23671803
28698975
1948646
19022229
15699679
36559780
13816266
18433554
5950858
10255022
23653468
2352282
2403304
6835485
32225842
10306267
3179332
18736532
17891182
2669027
32752949
911386
8880408
3766489
16112553
13309341
9909897
21870522
23526553
3774820
6076926
13632909
11617876
406630
13323003
23275608
11696227
5459568
10544931
9093926
1910720
951717
21283149
1935877
4988056
1158916
3057812
17198490
12145339
4945607
16895212
6942253
1996136
2317196
10711014
915280
13783406
963756
253060
21016747
20753242
2273185
758844
15631903
3692051
2549064
20751671
1917947
12373047
18660986
13861864
21488430
17345252
14753692
42402322
4555644
21074754
4661215
20100323
7653411
17958275
8038048
3901915
18919786
27934106
2830202
3897285
10897217
9798982
967538
2872693
19083399
3078889
601845
27941084
36073514
999895
2159356
30880247
6669467
5647021
23674112
16980661
4634920
15633819
11588245
3753028
6625955
7592296
871218
12168769
25770988
32731804
10084131
3302406
34804099
730796
29854918
13565398
24969624
13898929
40426702
1729311
17962684
5523337
29306031
5896196
9515438
1057830
3244372
19121278
4026389
5255713
3078717
9307607
19849482
1168977
1660677
1294059
9487455
999499
15430138
12093313
23469851
22350518
6591697
919776
7627523
11349229
6324858
1534458
1985423
499807
6492554
463392
6577861
10876811
15799426
25620633
4497731
3450509
27337831
2952737
1656208
7994777
37017896
1668256
14204651
21428877
28668308
46242090
919131
5065614
5467169
4038785
1842661
12562287
833925
2024847
20926053
3904010
2483374
7302097
7466327
12572592
2828291
19487792
2486191
14997100
5105026
28513351
11961980
15161635
1975668
8718056
173302
3496758
13668037
3496087
22886498
15592792
12957720
2713860
41122406
3986666
2372506
41599012
23463252
10496128
36806546
29471047
8989058
971584
901233
4142752
15877920
4364594
8349562
466138
33845255
14461884
14048094
11395166
6041313
2212278
2435164
8192139
18197128
4732459
39506507
2490732
1925682
15032487
21517250
2227137
1740061
2044933
21819527
8354089
6721496
2538907
1251098
12577452
14312280
16695709
6733377
39838568
4930592
7916389
2828926
901734
18128007
24700509
7885697
9617225
44633133
5332726
2478935
6234600
6148696
879572
11635382
816505
20390201
1014033
18199423
4834915
4910429
5254696
12817036
10371637
9550405
1722025
17781069
40468848
1015633
10042745
6405102
21264441
3415376
328685
25677715
925084
3839781
901283
26439876
17355995
924945
12268685
15676240
9665050
2921755
14586769
26148111
3847288
1776290
4765669
18686650
3269995
878620
3286100
696647
14544392
2871052
19295378
8841058
16895780
18081743
1862805
13441896
6734955
3234308
12047357
18936590
17431247
956749
7040854
33582440
7214532
10936118
9777873
4822285
597475
14783326
7488162
9241936
1665976
4435262
22847287
23156846
5983854
35431475
17866258
31603829
11960404
14071494
2672605
21280742
4784860
10109493
10561228
26758863
2829668
16868107
27996741
2256993
25840765
34528451
18526531
10334809
914070
42775026
2051042
2864570
1515936
408287
17630416
7929640
13377954
3674676
2571965
8017089
13472241
8568207
6849414
6337766
9247731
23010159
8154745
4484499
10964274
8499391
1208014
4766034
11947114
14977524
19081346
17250580
786221
8794100
2059572
24083959
1016947
29244573
6710474
2193432
38517411
7811381
6727150
813270
8049834
19114855
22572166
19510489
902883
15782666
7133817
36092999
9605041
14977139
18296125
14519282
38313065
6337489
886895
9576709
4101797
1692717
6882538
11184406
39912007
19637201
15785163
999517
24616484
16007439
8278402
1466648
947468
3850242
12730059
956596
3224951
4459535
1714055
2540208
2704011
12037454
5655265
18060479
10428702
9759984
22494594
16802909
22031753
42296172
16184285
3623964
2751064
11004977
8108684
8298232
14242244
11044657
2628250
23575578
18364895
941111
7026714
2973753
1324261
1042851
6130048
50638777
48120768
1570498
12844529
8390731
16703686
13558520
11014177
7083193
15623375
2698630
17502890
17363652
6789530
7544103
13953573
3188377
22638849
5208878
3285115
30545254
4364988
2878504
14936367
8999031
5417644
3162612
1225259
14545388
21118343
6883828
11626358
2701728
979724
8556506
14350359
28147015
9285589
21272770
34005726
5438369
14998733
6515476
3652392
33285623
13915707
16077155
1681255
3585317
15558831
5430391
8370666
1793235
2344300
7654729
8167977
198167
27221331
15417406
934464
4829996
1826521
7669574
1280893
13805324
5214171
7280828
989908
478534
9046102
14196968
1147035
15174859
10794902
25532523
4151151
4094097
9320724
1503326
26506473
23067712
768182
14867580
7450296
2183100
25836701
35501782
12505586
6556551
23905057
3507352
568598
3629321
8155752
22210604
1607153
19984836
1910267
1626923
24500842
25619186
15051480
1024664
1397174
29203966
14473979
18844695
1988701
4284646
11122825
13648483
14233607
20727381
6023177
18732812
12113489
1928310
26782884
966623
9439808
5859650
5011966
3903659
9525098
11972858
5181192
19020685
1822718
12604452
7555489
2636907
4530685
22209812
35060136
4456830
5436180
30896324
2555829
13044191
3687943
33999036
6405604
23391127
1637177
14783798
27757098
3814017
1789205
3586262
37879373
1787068
6673054
6907049
372182
10926417
11212526
623125
3654949
6140094
8138786
10037373
17921270
2874523
4998306
8866130
7377455
991352
67594
26486351
844095
8923050
1754141
309854
32902796
24238546
11168723
24739269
8695410
6887720
10264387
3236628
34117402
32527746
22011342
36262786
14415695
36975592
13199309
16755637
8224606
7042951
21939947
4171381
20307495
4989206
2581128
1914604
2933258
21046329
20601412
39698937
866037
7223062
16822942
31180728
12099961
838402
10260656
4803107
844145
7439259
13675209
19663733
24937150
3846522
16627896
8007987
3261035
26930503
878102
4217208
802158
5426940
14980786
10684594
878015
4633897
3993335
4352979
24316700
5765221
1482562
22301563
20431799
25973371
1838582
32332250
39193024
46541657
701971
26877348
13657988
22432137
6776824
6377270
6004421
957374
9230304
5514806
10876846
18739466
3701707
13675326
10463138
22471547
7586969
7070227
6678102
5124626
1024921
16430287
2032897
3773087
3477218
11427575
16644332
1901649
1106856
11571847
5110322
16990330
1034789
13955503
6541763
12045639
11258002
730538
31680176
4828431
30286363
10328808
17746500
4777562
26606293
339795
11124436
7205896
27549202
3271174
11175825
3296149
1547416
2753428
21961500
31539904
11915046
3819762
4135357
14382713
9497549
11107071
34348494
3270162
36599454
15329669
2451120
1789261
20115948
33782031
5648453
12992508
14919167
5090179
39427788
23028550
4400637
45057397
8630167
2889306
25611489
3288580
24309232
790693
16136853
39658348
5612838
37452109
1696805
1964408
11970891
4289650
21688205
22347608
9082624
8354154
18243868
21890298
1536165
26730788
3531537
4654959
27199474
26710705
5018118
927656
2449742
5252530
28689902
2764232
1945639
13935246
6590685
18054510
39487767
3740959
16019643
42528763
3863609
3694668
13702300
1249837
1937734
10898037
2641083
17840571
28356414
20032338
604905
2838204
2901190
16310968
29031809
3170828
21568132
11989770
2199439
604954
1911732
3819161
18217029
1455952
11915639
920176
8330309
25738972
23828130
581894
4298952
993671
26302831
2705583
8216783
2535082
17736917
15302788
3751570
10773574
15718022
13127100
4805128
30105737
888472
2905812
20792513
22198273
31655014
12364680
15010846
2259886
16662677
10821190
18320694
3907654
18022956
12491230
32898972
9542160
6834646
20159122
18488214
27925094
7986076
32821295
23281710
2641929
3368842
7884847
5686368
12330686
7754839
3756949
13200650
38455270
8223791
10245323
29533435
32800695
6526656
15801526
26510653
2154976
24564927
1983090
27337434
22961977
31754994
1522746
22388058
11831130
6921779
42873719
6263810
1346175
1861859
19082029
9482222
2005930
8966105
18780420
13042737
38987496
8777641
371636
8541589
8738529
3282703
1617536
8962596
9976469
25573993
138240
29211443
29971483
4695565
10052101
22332079
8879475
22072957
7565253
6664325
8499730
664863
8589801
683415
1937181
5589789
5212674
9159598
16767784
1728087
22827178
1771691
1511869
4873182
19414539
26757637
24939065
980612
1502193
21279302
6458087
4232057
3861865
26712783
1873564
29778470
990256
451953
36583552
8884958
4858892
950335
1549210
990425
2439842
37304250
13348206
3942980
14237146
2659302
23681458
1550312
1670933
6540026
5053131
19912752
9414076
2936235
8537032
27717267
21556231
3918841
17200051
20736143
18744595
9623260
875629
9547992
12447593
5481741
1150557
904578
7128287
8816524
27968623
13213170
19311740
959392
853563
24464493
34594701
11610910
981153
2702724
1988200
8175560
35212986
19667401
922214
10327857
985438
10219515
531966
8066943
30489775
16175363
4978952
2160894
13155507
2556302
3382506
15253142
4777437
22168226
30767495
5185351
14826427
20504975
2744110
1840737
26925297
40186602
1624055
10637182
8995087
14332280
7595500
24605802
4723077
22255364
372752
22228267
8620295
1457407
1732941
18577117
3504780
9054501
16531006
1837006
8400822
6558265
26143179
2812535
13352892
22146533
8516479
4185724
12460626
2629892
15810881
10059152
502629
1061727
6625769
15085286
2986307
5399620
5253856
6779403
22766832
1493369
25123494
21366075
32830712
10040797
7050291
6082351
1289578
37368359
13907982
4249434
9378699
3120727
1862446
3967050
21635237
6850
2212011
7551026
29579050
995402
5620032
11490117
8023478
1151878
2470563
10917255
4522269
1614500
13731281
4817872
7677861
18055462
10833232
38142815
18655837
1831806
994070
2976699
5900465
15944055
26006948
11358014
22223094
7003881
1163779
2548159
5771070
11507154
22685839
14348885
10293458
21661261
5051798
957667
2783463
12173176
4874717
16033103
13385212
19267178
5488570
1950696
16533753
1736286
5771410
11231962
17732259
20355081
5494565
7261058
22771395
4594483
9348047
603889
8547339
9750001
4607932
1284251
4906331
8060456
7483411
18668016
6777931
264142
997617
4833775
22143477
618951
14337685
6558699
7219198
10818430
19332066
6048333
2489492
16772753
16127039
7477098
6241310
28239583
10093922
7325422
5785032
13806720
6799848
9616204
9062998
3102706
3144295
10365529
5714091
29486192
16094704
6164161
6974365
36036072
11804993
36489130
370508
8877556
1628309
43399544
11280127
34691829
19088306
32175597
2912163
5516611
2154909
6767123
4891609
21805611
903934
885105
37326119
5654473
961371
7210032
17391022
3165594
9496199
956131
11433618
5694597
7536475
16886947
4198179
36296438
1882477
2636120
2363581
25940561
8594875
1830053
14036293
1760362
34576609
11973006
17426484
36694061
769848
21386741
5901774
9813435
3790920
653734
653860
23677277
15549036
10202913
7733850
11321605
29059469
11686732
884850
18359527
5215814
4168295
6444792
884960
6175991
10456234
14180100
30490849
4263467
20742886
39861477
19796250
3290588
30531075
24004119
16675766
4526861
32529
8787827
3159218
2687676
3687783
1822711
7866490
33004940
15058666
8038997
28806740
500540
42300154
16953200
28962273
942747
4046630
43315911
5937449
5343078
4840361
16091140
2335246
12133859
1935354
4795356
1884635
4501776
904466
3184106
4140587
17556923
13020256
8359634
2121879
8775672
9130338
3643184
972296
3812225
2619410
14204156
17428978
11114565
1839007
2734989
1874345
20112421
12688570
15038851
17494360
21902230
10132909
6591515
13574723
4330274
9729515
2638658
5135127
10402803
25876941
825034
14476330
1898228
2796429
4695680
1041932
24047393
5973706
14980816
458713
21836017
2940340
11790959
9663642
23403370
35152238
2619097
7090960
17353145
31324012
7266832
27317729
13018954
1887966
22319839
2362159
23207610
18173452
928305
2759346
316295
5884601
12223662
2771779
6490657
4733773
17460700
7196518
7640187
5954764
8559769
5306846
1953570
24239473
9259864
978926
23269258
23632244
8410650
18093265
10133982
2911502
27804374
32251285
8023086
5112353
4413565
9353960
38466942
903702
34348440
12599602
6323226
2828499
5038385
25527102
2698469
28108169
10382427
4230712
12012876
30074266
1851370
24477631
2735659
820208
7636289
28497105
8343317
12225210
39727815
5620229
32275858
18545885
7556825
3618511
933116
16818227
4669344
11694349
3627181
8803587
2615179
14373654
12430810
8759623
18814985
16907449
2944292
20826597
3512103
17538504
9123213
5343512
20842321
9249541
16685531
9168833
14170513
27520803
2917033
4720729
7296741
16135128
9753557
10007296
17250015
5190890
21303238
9839994
11268763
2908541
904446
20983779
6613181
7460475
17359747
2606367
8849025
20314385
4797313
935896
16859515
14668198
1971708
3864669
17012181
1372965
1990132
17640325
5174795
17947460
8954710
3530481
2064166
18716630
38969142
4850188
11192729
9644186
29266576
4781253
6463562
1949918
414040
24414759
2990267
1043103
42169559
10359354
919240
28420101
9383376
837799
22703318
1557738
23368487
11177514
1973591
25659703
3477413
1940232
7278719
8738314
5917305
716288
2556925
5598459
2596641
35085877
9883110
24494752
8585881
3358468
8439467
16314099
8837279
3903502
6612072
853890
6118875
18247074
6392927
9945622
9336444
10522135
1766778
6984121
12031622
30129117
17476001
4080139
1738811
8651238
4217330
29203500
6204518
4727049
11072741
15444605
14677227
9943983
5713548
12026868
10858009
999409
8705800
9641631
3355235
2841598
1310153
18517574
13292746
35619962
37992750
15644951
17730511
5093872
2047764
8062832
14783590
12328647
22008793
10140697
19679141
17497755
2151291
32332752
7155319
9884479
5531622
8797305
1937936
1848637
35994506
10721056
436370
11967244
8715099
3702258
11459973
1723867
7269826
9496674
9463511
3626273
3595435
1633280
12972872
4329117
6277339
29418646
2178636
139896
29652541
14217388
18931370
1887847
21333619
17746660
4229649
11175252
12442735
955728
4985289
985299
4170579
16329394
4009241
4687991
2282898
5574513
4598096
20283844
36733986
7675116
3743958
10445470
6944891
33452602
1843004
14973794
24036236
3689433
5218394
49976687
5379916
2810684
7590912
14602268
4384019
24279938
13560231
13049483
32026458
996832
4581642
2860266
9881158
848115
22600287
9702889
1757271
5406283
7125139
27062831
11276302
5671850
20130642
7812769
7485734
33885243
7076134
6099010
11524827
42052011
5128435
694038
13965657
24593492
1501214
12925289
21414075
13203430
5895107
38050267
6935571
21140163
2948132
19931975
23574176
1065614
4708324
21457680
3948188
7201058
10170715
18399410
4910207
2168915
654854
15780163
5461941
1797091
7322571
2398025
7966081
16426458
7126583
20143497
4384209
4902845
12002742
1948513
613229
1838299
15973593
2199832
10812719
5630273
42411928
6270329
952763
34594336
799663
27473351
2977360
9913305
2939331
17716978
8289498
6819547
24842607
9659771
1064776
26874842
10033304
8866254
35201112
8338753
25338265
4234267
1556051
577491
11735805
10812770
24114247
13929184
29020905
7368010
30560349
987449
6351834
11905652
3809100
11206425
3604730
8966313
6705042
4808913
10598835
2224680
9273083
15000244
12060296
10849252
992500
1970390
16396704
2677432
6076964
6073570
1189213
12051964
3232195
12994058
17715347
27749456
1445922
999774
20805790
39044246
30304965
22642345
19316732
5133583
10232304
6013351
6724775
13782304
1136471
14808740
3842312
21262230
15171782
9476230
6842094
2968938
3409524
5857300
8916144
6881104
6711092
12906417
1934970
5809153
8512573
7828091
6730346
933676
5121290
14839246
10783532
918595
30858814
1839010
822260
6322229
4418599
861929
26167176
27750946
7941965
387797
7598110
1041809
7691979
1593232
12651903
10524587
299796
2890301
4585350
7355534
1810578
16415883
7971817
14728421
38249978
10398888
14737889
15675201
762339
1628932
2890301
21182083
25370571
4530564
995778
4527757
1529292
2859729
20606979
7108286
38507536
21998029
728785
6808922
695457
18616013
9129520
13666329
10509861
11196250
9257035
13859818
4182997
6286599
2830397
11588682
12165189
35066553
76756
10232249
2117841
23526941
797593
3533855
30734091
10678890
2319301
3806146
12051568
6303728
13834334
26334871
16343150
2758925
546989
9630334
5804228
519479
19909898
1758848
4892065
4398928
2635126
1912176
4610340
18394179
14687564
5715434
27785000
17978291
17270751
17842897
12137608
2480415
7564298
13958943
12882004
3677345
6125690
6208378
17314022
2029277
37158808
28959715
1835996
3578503
8911296
34480804
540217
23647296
12933242
4199929
4820522
2671702
24835580
7223062
979717
8879145
5775581
10350991
13916001
2834689
4082283
754300
26311833
14952970
44348943
1262832
6697084
13802574
1022294
35378772
5945350
850516
4547211
13538733
823097
13049255
6945344
1648108
10161633
17523273
10215113
4260098
16027047
4822208
8821180
18412596
1970355
2800211
3951654
18161102
13104018
43096397
20942274
427515
810649
15624370
2837546
4233691
25421410
29900421
9750585
11972568
25838423
988923
11771158
9153721
24785373
3747491
7535314
15401737
27589019
7059320
8091850
16118638
5048440
10425374
7101249
20865179
23706862
991597
6977126
9314191
3224245
11262959
14090670
6858687
7194089
3559302
1019306
984980
33241370
9152473
4569517
20914570
6370799
21881137
19913906
2967232
5900471
2327157
1310284
15467786
872988
28108432
11382907
1931233
860180
35608891
2350751
19764222
2843296
7671683
408843
25841958
4941781
1760569
1133137
11285450
1978832
7183806
24369944
6882809
2834131
13908515
1985173
14146730
2726389
1703060
5375490
3691601
7495729
6352140
17378733
2813395
11467757
940474
26694015
10759612
25807288
372738
11711313
1074840
6299707
29783218
6393523
2004022
10497153
2422691
11615096
3018808
17484871
637672
8753532
22927522
1599337
3742969
30682662
18346416
19776832
7260261
3483421
1825763
635218
8657812
12379116
6684845
25926910
8156491
34145087
20743094
8097456
8393956
1975184
8781147
23431022
2784258
12647871
9929628
749911
10351436
9542217
20526507
23962342
7129403
15575938
2418810
1640162
26189912
30739135
2994504
12346759
16401324
10852241
2777254
1356356
16692686
9366442
7249159
7593481
4861499
951794
38841542
6592202
43243609
3683731
1112834
990138
2975585
6002075
4154541
37334501
1830208
5762985
8010117
10230759
3052490
22619887
9731240
944287
48081860
3374940
15812162
1939623
3167558
7127151
4923750
6865110
16256434
1525212
8983002
2708603
22322466
943610
23136839
29190842
2083794
4208178
7783698
12614900
898512
6221693
960732
2187097
4681406
48438136
5276718
7658772
2664329
16757717
37382541
11800667
22781392
9503551
14419985
25213438
15987868
9693858
7485958
6701588
11146774
26479250
27651399
1358462
11679234
19156551
694007
11175737
39599708
5364059
5085732
21794038
5234799
5449491
7958909
25583715
30285185
13883998
10727581
16615053
33902846
13521244
25274553
10246852
4452006
22591932
5573454
7907721
23611178
18540753
6655120
13225737
7509759
22948173
958584
24038369
1971777
26480426
1744060
1638306
11976997
1976364
3468684
6808511
15326631
27179300
19868801
3408398
15362379
28648524
24738418
11163652
8155863
15697559
40675935
13143602
12940372
19709171
6035801
8957239
4983094
19308887
1575931
5912260
817959
13795504
11450453
11166065
1728946
36115354
970296
3558429
2974884
16186548
21283950
33438570
27055767
1792600
40930907
22670103
7582931
16080565
3089594
21361245
16434468
9279501
14003126
1486547
10019475
7747923
30521175
13750158
16093584
3625779
15557869
16246922
17566521
9327840
4892993
23064953
39990022
5299856
969979
26106273
1453415
1865604
5414157
44128500
3004372
9134397
5434107
1969930
4376733
1107149
21228512
10673512
27235433
758558
16236777
30452293
2713301
7734912
21375753
4491339
3707777
9690453
5553597
1979938
23685718
27829028
1844498
28255053
13010374
18971174
3940917
3959291
3786836
10122393
29818963
9734080
20642729
1643941
41380406
4379586
3352721
4783292
27856681
8944001
16843654
10244116
12123302
1880274
5773657
1529241
1092024
8997637
25851119
4903189
13138605
3185868
11358309
11076206
21508631
12997722
4867793
4849894
981127
14674916
12290479
7655963
36163303
14671484
4205464
7236456
1728917
35801428
23785800
5909124
18584237
24411946
8790297
25138753
7911420
10314553
3753906
11176079
7411461
18938270
10973449
6838392
18911405
38019890
28067924
3589875
4699653
17571934
8789284
2727865
1394476
19898581
8215902
3798944
966095
1905256
8705654
27706450
48527317
35352585
6792438
5576930
18118230
35427765
45194743
747570
1976650
4701842
2661724
24669263
15673659
42168907
26185597
1810800
6488773
4976373
4232679
49746707
2597325
3753641
1067433
6379762
30656472
5607971
16795921
34399780
9435418
8304961
20557190
34480401
18906833
36773303
5821909
959237
7262240
7778228
27431430
2918817
5516193
4322403
7319737
2652262
12068523
34333174
12959570
3665650
11119984
6809038
10562334
3465544
5234558
3660086
16465633
37729808
15835275
991734
1980671
6389645
8525292
7523244
2976581
17618557
1658099
732042
2015825
4609291
15351735
22105094
12926725
3988244
18779389
1808766
979901
4425787
4808719
17045844
17602302
20340805
398596
15617231
2848453
7474129
1827207
32474224
26013359
8074671
17927900
11301438
5492188
14179062
8064402
21037436
29772315
6772432
38677519
4658057
2876382
2278953
20750940
23072241
4658682
2457958
27880600
46428169
9483893
7403319
966747
7319239
22952772
14544401
3112717
961142
28415527
28152750
1159762
1725139
787001
12988893
37889981
5424132
33193862
422213
6343219
1598796
6350125
7844658
29665720
5793661
14527900
11513075
35030247
11110642
8235059
1814957
4365422
4517296
42362731
1106230
5849989
28981580
3935983
9211816
23036433
904080
21819015
1831473
16671311
18953325
501944
19662922
35296148
3328053
5702749
38947922
7926284
125297
9845367
10194395
25542372
959283
11676779
42377876
1951185
33329438
36233082
12751674
15337623
7799707
7717177
7588996
4961308
24754835
19980876
1934538
8037012
2873195
7309841
7189523
1015302
14532445
2802832
19330934
11261195
9529066
4013825
12534863
9883274
28877604
3758824
9045279
19668851
7038961
7536905
11225157
16978080
16070646
33723152
999187
125293
15097869
4306300
4730215
998917
4419040
22188033
7580989
1641470
1903198
33986082
21610281
2034697
21579755
26640058
7465562
2554771
2282995
12909364
28460008
3608726
25146868
959418
3492349
19010136
37863605
12373043
3606541
1910513
7318166
2755885
8862951
844683
38826620
4708202
965417
37043246
18980663
11270955
20501461
5097927
6954518
20064062
11038726
25458931
4226827
16393036
1325532
12944226
15524554
36197070
2015414
11370100
36359096
16328815
8501491
32718728
11417563
6440366
7194459
2896806
28594086
3746211
16426793
11261570
9540423
3969730
13121419
9555600
3847749
977182
1874393
24873567
8705689
23621285
22999072
3699806
2296781
1166865
13264500
907252
1979285
37181748
8218506
22115781
973591
3530273
21596921
17303410
14819114
12221102
4374710
4576086
4870609
25149236
4825410
25682206
10309602
11282805
7982725
2929878
3170685
10922265
13991602
11873637
989211
10516344
1989960
4826335
34148766
7754717
10912262
14092842
4681060
3590684
3860052
6046578
844502
28885836
41652944
12241304
27487247
1942083
1162399
7415162
7109146
6141085
1815695
22833672
16512200
12789431
3704094
19324958
31996290
32931793
16124697
11613447
3238219
37197863
16581265
26091705
17170988
31241873
11375826
1686813
22707212
7991023
7177219
19480529
3137860
11989440
2585382
3508602
1785652
5099744
2399372
36853195
3137117
21378301
4188604
18746652
34092069
8182814
9824536
16103196
11166567
22631464
4750379
978692
22517278
2709262
8587800
17443158
858827
8705469
27366146
6451659
20132571
1024605
13027408
706173
6583341
968592
2047488
19667745
38932281
3792503
751875
17998045
2981221
6679207
706123
8173896
710818
12400538
3215123
11696131
1946102
22823067
19184936
4873850
10556055
1595462
12809654
6043176
7358107
39246465
14193200
23049903
790904
1941812
8545973
9599107
1871733
5988555
39438050
2419243
2368467
14404253
8906893
21172100
17877112
29569315
4300750
9007064
12704365
34093407
953667
6027505
16922583
3490462
24431822
203549
990325
12608316
6606953
7606730
23112932
4475877
13242987
2819589
3731500
1003848
16336201
31065513
1590295
16839378
5921348
19762567
1884583
522708
1466606
10075511
4321881
20386391
40720121
6486618
898567
5976462
1364379
19496434
6342146
5549315
3375405
15642414
7494207
938625
940144
5701262
6649519
8837750
2998539
20643101
21615197
31879173
33473939
15221683
940212
6676340
983455
25472197
10261948
3350279
1074449
29894994
6935467
3185555
1813012
2846999
1022503
3449096
7501141
373162
27426179
18531938
8758749
30512309
15898319
36568005
4395501
20515003
19289887
1811969
11949632
438686
9686405
13681728
7982163
1420480
29585516
4991617
11076266
25711455
19767891
2421979
1907105
7239074
7610216
3491227
7190131
2912373
11269677
12633430
2997258
3364413
9884278
6299541
5150907
14066887
841423
15524354
11994517
2419398
13321828
21968904
973547
9179417
23574130
13040448
17358406
2461088
8276302
11221834
42336793
35737531
20739491
14997066
12565861
36740280
5716377
8017776
869376
18404628
1741187
3728676
22116179
25814333
732828
15411256
6381321
3930723
1865251
5754219
907341
2103559
37114899
16896555
4600957
39875245
17542528
41870316
35945253
2197130
24260133
4012202
37939224
9365406
10566900
13224404
2613409
1490628
5350157
29234085
1954263
27044073
20633989
4078823
9105889
19591607
7339292
22107074
7884669
26108505
25214092
9969206
12991449
2370627
23888356
20748743
21875993
21145161
8923960
11513242
20261365
11782223
14286508
5658279
9011268
41954624
27749618
8761573
15855602
6694666
19936747
28718873
16340175
30831736
3598426
5171851
976039
10656754
8071953
26365591
31946470
3476694
11051222
7698006
1961163
3793597
4643594
11550452
4176169
7591155
5331712
10128276
3801490
17085409
20838256
7177724
7846967
30008417
34800167
4635932
5807684
255464
6878370
845098
6115897
13397645
13706196
3789563
18281123
18517911
5330855
4644705
13028854
2967354
14985982
6835754
1466655
15312863
44538404
2086111
7285736
983937
557614
3379520
15390738
4501012
25874140
5298254
2472495
6723710
18283641
19164943
5001098
7295813
11229787
23730858
5771055
4186481
3371712
13965250
43204795
2818176
928406
981157
25053365
2619481
19131831
12702936
12660193
9796491
27267630
2806157
5668147
25580046
15272832
8936291
14347940
8121056
29232447
3660745
25321222
9006639
7876740
19927295
20322156
18574156
13360178
4505973
29337077
14968729
26111800
19805737
34452242
42928164
18625849
43063465
34685342
39583031
5328522
17054411
1424269
11265044
37485956
1146759
3661735
1978963
21692130
29698855
17565676
47713738
1103349
3688195
18969442
10447789
953144
22472573
6638315
6242486
14980596
15257321
8241444
3145154
11720797
14416688
4720096
24126184
40546487
1819993
954178
10381751
1907492
21267555
1907492
876812
7932851
8508133
34735889
34557128
13203441
13948692
10519005
11558972
12425870
5844054
9511833
3643215
7820770
3496135
4029580
947968
10710151
7025758
16534729
35793711
23790342
11172958
1870511
27715422
5403605
19139272
16426730
21407603
9297921
25861756
8864473
28949863
8041457
15886758
948004
9249106
20541352
18355610
22411611
13528914
12649538
7399746
25486885
21984506
12927032
2057056
7077571
1676523
2779216
16270825
11683937
16042452
34099862
7106362
21290810
8235507
948419
3711017
3130504
1872865
906602
7962036
30291092
5641123
7254166
8602385
12797532
7770309
3840772
1168888
36320587
19118486
8219242
19029518
3156692
2776562
15822692
705885
30921804
930743
21114603
21849059
2763714
35675976
12345292
299859
28698199
35560455
27945889
6662809
29570698
8419428
3019165
1966185
3808453
9516723
38344330
9244135
9444434
16136964
13475771
6338581
8978215
9635314
12480050
3802776
16797419
19531338
20905355
2102735
21543146
25942316
5103630
2854507
3898349
11833457
2972235
4119560
10699469
3657367
23438357
25546486
20331775
691826
14990163
5360113
744198
6780424
28643169
2928811
15097817
19152726
13254348
1838111
14300874
1547877
14250316
18500437
4122902
17926919
11544817
7378317
3764705
5741429
6542498
2941706
4413845
10182929
11592062
26997160
15225123
16914520
19687671
14847966
22395566
8581439
1855988
929929
4829434
1583460
40210292
25350699
24859987
2365701
6209687
3689654
13226805
3903654
16874463
940340
3631155
15380129
3996277
26334655
5325639
1569860
2278481
3683382
19859206
3009306
12206458
4901397
16576592
462143
9527329
8175670
959320
13067864
6307690
1213838
28712070
39435185
9828554
22224180
9524188
1904404
1730172
8307824
5774783
1525686
13230093
8466628
6528188
29757985
1553804
1012636
21163110
13721023
7326439
9802814
1754481
10761391
3790637
2938304
10451224
1835433
34598928
31020592
7653052
3799192
4894802
29709374
2987558
4368909
99578
20780451
20777072
1956610
668341
16414229
2182449
4780961
14831221
1957061
18955023
7679803
965819
3314401
11228850
5561052
22684276
4121333
14329591
13838404
12492965
3925307
7014412
17149458
23979687
996455
28955323
5690039
13176232
29984907
6600847
35555342
9042319
4566032
28415387
1753747
16597752
30464670
21879088
41445680
9552060
4029118
5937975
7523002
4820265
20030539
10514864
29410975
814695
27375088
20827982
21653107
2255255
11545538
14110013
14636173
11973445
1996046
7127598
28862057
33274752
30428308
818646
12645650
7457655
2711872
2006442
6853244
6697177
1271397
12445523
25944891
17191253
19710096
6617931
25442129
14101692
7421461
31355610
14149902
10502281
5343342
5556165
11433692
21613153
883210
13345944
5355333
2519495
8186523
15157257
15531894
871362
2120846
6061474
6034883
31060716
26428490
14945283
3280968
2618138
27236924
3128178
7051288
11058587
1048473
2417788
28251974
44143874
5188526
11692965
25463658
30173854
33272502
5623052
8946570
3482632
13733597
19136123
11900710
7028317
3431873
2878030
18361712
1973952
5443277
18828248
789149
16827224
21427720
5658125
13002068
5913606
5807420
12824030
3825181
36982082
6663241
15862617
5427913
18962408
14193925
10103615
22311328
13698570
17080461
29215242
902513
7086098
21859312
19649294
3438404
4887914
10599514
981921
15264958
8875888
3016417
914783
4298586
976122
8346875
39810967
31323711
2430471
6741997
8991277
6928731
2108916
13335751
1728234
31935669
5055501
6167573
28622237
12312149
25257948
3529267
922783
13962857
848884
1880664
8569664
2802186
2748987
22341175
14130701
25922390
11546965
5744197
15691013
14035079
31345363
16686254
11267577
6891561
4955142
10995425
1501493
12774891
1032863
8389570
15527582
8376273
28857650
30841501
24948752
6844923
2423148
10636146
29281582
8040323
3361154
1023833
12773721
14838151
18846507
1632183
6731497
36752658
17894076
11034939
10019844
8174931
776431
11025784
7262805
2618759
22632967
16488455
1948438
15293151
20793714
1887846
2615735
9305571
264220
4232983
3535585
13408319
281099
11598443
33013188
21340428
6056703
2682799
11422159
8285810
12884782
16518021
36907523
10282063
13448560
745610
29927959
28663699
25213529
16104303
25505437
2781379
26288891
3163726
9632542
19718060
10147723
9182982
9517924
12584550
886021
594927
11979118
4445490
1152821
5037367
1849090
480716
16831350
37867099
10199610
2479898
15497838
29241595
5445471
14749987
7180537
17120349
8963288
15361190
7409477
9970170
1399083
894759
3986567
20714497
29509253
17343542
3899536
821037
10510869
10001040
4436428
974654
20477779
13288474
8650765
7486926
18004185
721511
1894609
2942549
1213813
9308958
7624925
9733259
3866500
21922606
19695330
2673798
13696969
3062508
12621694
5172098
5887734
1956795
11597052
10215584
914668
15253278
2680053
20243197
3786939
12556207
7485146
2465081
38645940
12453553
2821286
475525
19576727
2243035
4953104
11625360
14694529
1817204
7085545
16960212
1791039
3209748
25915204
11495634
11037650
916638
13015399
9534167
9635200
2917756
7554030
12839522
995518
29462727
956230
35478507
3305690
14161550
9579794
9511277
2796152
24741152
17651719
482734
1569847
10213609
4980751
678261
17537132
19137712
6296237
14129829
999184
5178348
30686258
19294905
10735282
19721800
5652835
18986930
6562847
5103047
21679107
2353619
6340089
9436082
11041643
5100964
15667870
952072
905946
7489558
4398291
1982153
3100440
14187272
5582633
12970856
1019719
29374874
12443436
9027899
11566557
2305287
3856152
25887656
4684288
4981597
27601962
995518
3625245
12149440
961526
3991715
3825694
1029794
2752838
7335585
48704970
17362141
2913513
18211621
16722292
37907675
4936272
4144562
1476411
14020690
22215510
27669624
3337341
31572152
15950228
38390654
3788856
623049
5833386
26667968
5236274
995518
28159451
8025685
2821862
647615
19934880
9141130
4596425
7034977
22874829
2784815
20329331
12749387
31659896
6804708
4532989
47415568
4455724
2628779
9559798
4190290
17894799
2002574
1502850
19034802
9405357
9755230
18258420
742677
12557147
742041
2812548
10107129
26597327
3012247
1522375
7496689
3996802
30044695
4269144
3702182
9007156
48633126
11418115
996014
20237540
992701
4443835
18240467
6187185
29272456
11717578
19859953
20489722
9703232
14872553
5803598
5644089
14080241
19715088
1144385
7046269
4530079
16389580
8903214
7670963
7688454
33274788
2802495
20934305
5584881
2151833
9326320
22166496
13514042
905151
10724005
25620543
15796647
620681
2832387
1625434
3670021
5424895
9559527
14020218
19995423
7494887
2893534
24711458
15009442
10631255
760458
21918720
19841555
14070937
5938234
4568951
2844536
9846442
15780095
5408245
1663339
10707723
10782854
14868164
1264281
12523904
11225771
3475424
32445745
800284
8652318
1015282
23780029
1484620
2439424
7480969
9035758
29228682
1504254
5665999
20418650
12521623
999269
28133290
8332283
3931821
28389805
9293894
19078634
4775138
18475198
10253652
336001
4582967
7169146
4796350
3651240
4751883
7743649
13544120
750986
5598084
5025723
1155394
2874111
6798106
41704285
34573018
21400413
35106944
527252
2417257
30302715
5091534
16573269
6457040
6612239
16913848
4818726
8394129
7808201
1059625
30414690
14337060
1807717
21185776
2694464
16014682
6035678
18465303
20573595
650797
24658554
1955853
13920471
2937947
10292218
22532264
7570978
8788723
2148165
6964488
31757117
4922230
23129281
11598775
17594865
10024919
11499884
2965147
10107203
1800653
3697807
16932174
2194271
1973810
16548652
1315767
4068783
19284048
23919763
19830415
12997221
6686997
6522782
3775998
908943
39552479
6655602
3893796
20418855
5591130
12377224
14308099
3118584
14561745
6761468
2754398
11323708
14327106
22908832
28838142
5757744
6607387
1930795
33690377
20991926
11208657
17710081
3098189
29321014
6942989
7795950
1114722
24360278
3386749
4354495
14050839
7063581
1970055
2633552
12338666
32025189
208603
26448364
10048201
20011664
4644305
4540932
16377318
30506867
5365694
732458
8189867
29464157
4627677
943195
12482219
19375426
1761031
1611209
9796318
7305986
7892878
3292992
17448921
13702074
1933546
681171
6691568
872828
4471481
35294915
1875344
18069605
4731160
13745682
15089820
8592147
23446395
15166373
19403038
20781436
14544433
10418988
12793349
912469
1293746
2883323
12828600
2292897
9079768
40705915
2973657
21923191
11192808
11322083
19498165
3146876
749899
2981586
29940275
12069489
18428206
1549509
10937428
1250933
5207159
18936053
1661114
24128078
12794385
996671
2161994
8859833
5998011
8554757
2004928
6458739
1820174
12790836
24713111
4123443
31042108
11748565
1831987
32317716
19342708
8740935
37301974
710008
4754062
8651704
21276863
10228753
10821354
20781942
15576774
6956030
7476084
6358945
1703302
1672073
14302016
8493176
1429082
1839539
7082735
7066191
12527733
5983756
9320052
23644334
29683255
8162855
1820684
758212
7652097
1079910
1898922
35836657
7840911
927253
4489507
569057
973960
17550790
9195435
2503137
20911574
2237973
10802876
943961
12373524
7692620
2218025
6822640
22562755
7117864
20179072
26459627
6236685
9008682
3556483
36109356
5645650
627914
4339687
12123873
3578185
4134741
837357
70467
28568804
30657005
6685230
42069370
2296912
22376010
3796827
2559690
16004653
6392925
8789327
5356439
29106713
8088349
19298974
17352692
5379250
6792586
1397682
6649061
2509228
7529205
912889
14834360
33685378
15076838
18122745
11576465
20040603
2334304
3568391
4846725
10103791
7357381
9497616
912534
14581740
5107865
289008
2203239
26700803
20857519
5620171
6659835
4494013
13720475
7661099
9924856
12246734
822657
5288804
13496795
1883473
3673227
14303193
991053
34361293
6126684
15142209
49367229
2714079
8564498
36668978
21812079
11552622
17796488
2829930
5234485
16932481
9782453
3237972
7566160
4529835
4889558
8334230
10086579
22921167
1329038
23464444
3956645
1632093
10625534
7970159
31527032
3539488
10170044
8644358
3744146
5673492
9912947
6398104
2741944
11444459
10926934
968590
4337552
4251743
3398409
554524
11818178
1380678
18290849
17722346
25896229
14105023
6740922
10769684
9794104
13055322
11838904
4806287
10581225
17416555
22958644
4192766
3723408
25810264
31448044
19813001
978877
3661210
37473253
6004104
9935554
3404233
39802100
9560904
1861793
4234102
19032250
3302553
15789215
10366778
4197936
42325403
4899327
1055542
2360497
27410859
23226149
16026444
1737858
18047208
397545
12674973
5921591
6082911
18298300
14755251
9288381
4365460
1973270
4931681
36298735
19387235
15578534
338139
2740162
2280260
7130858
7742779
1840293
13084825
128150
13733376
23878962
10712338
37710634
4626820
17042125
2360578
633723
8884798
2556061
996642
5675563
9069078
710286
17338694
22895482
28217825
338139
39618720
12928623
11373361
1968018
16733163
2161194
17308601
43945999
17097749
2475970
6120471
4903864
1961114
9410732
11165393
7119306
11080050
759501
26034131
26415415
6360872
10259500
26608275
4062274
7099315
6678159
5799968
23207077
11394949
966448
812368
25895428
17269344
18384233
885959
7865080
1044835
5474949
5059144
3362389
29653390
850884
6022350
1230207
10522079
966008
16873126
3098499
12189195
1856014
1939920
18315793
2538747
11685161
24042033
4793834
8438825
22584638
3328794
32101564
1522022
2293902
24508732
966509
7411933
18995464
4455513
20144211
2722610
9456591
9092528
29730806
6443309
14513786
8758301
7835820
8305150
850613
22063609
20412681
4555267
1823646
9532230
851249
12709658
1456840
21940797
5290069
2968163
15288108
17463505
559949
3033997
22283501
6932679
17452398
6280570
17701675
10153995
15621133
3578287
861046
20283396
2843557
5981391
10400034
8654128
6696336
4014788
25570153
965048
34268749
6489941
10335640
10255963
3000673
2637335
2803111
4563309
1597738
35104642
9703972
32098799
5872842
8578405
10192910
33329867
2812936
18483571
19026277
2063743
4491639
16254414
19935679
626951
726237
996696
18408610
4305615
7689633
25326594
17174152
11327479
21288616
1988193
12459734
19535091
17825691
10621437
16368895
13437407
976046
8011996
29366995
19478786
18522023
14387214
1317716
1198136
4289519
14030749
3654641
13764301
12872359
16724051
9333856
24502176
4824219
819898
5762033
35004586
11125313
1887430
10602251
34763755
1881737
8982764
20396613
9252685
2409788
6747335
9028567
341325
25356239
3774343
2903231
14494
20878857
21674315
13466709
15614099
9560463
4856571
27470284
5499999
2729857
12945016
1639641
1467121
14781961
10145144
8198886
16159201
20199586
30929193
5429692
16413284
7666140
25210911
22096104
2597430
14305344
18362464
4892660
6291124
2803413
29810330
21802114
19996453
8531088
4671462
9071863
862954
5855746
33690406
1535688
23368405
20630408
5726513
26151049
2535140
12335360
18288001
31843905
8439797
1274717
2617207
5800467
6631885
5141914
3889445
1302044
31472362
18110687
17100558
909763
35843472
7033939
10310211
14595149
8395899
4238007
7602909
456456
7773826
1470602
17036385
2440412
16618404
754562
25346213
3203559
21872385
5426652
5859532
17963525
5541812
6701729
15250605
3407592
1274568
15131164
25189254
6502376
24431016
8227685
11779303
17761961
18689139
12471978
1799702
17444540
37832578
600733
21323666
2910191
11941330
2657832
29848211
13454688
963171
831523
964282
1000654
24564312
16487062
26636520
12083839
3381786
1632944
5980455
23516888
160900
12481704
11184799
2809005
6735175
963292
984926
22040120
2065294
4569680
2629767
639418
7037727
28302663
309741
734376
36543895
1284917
15606405
4642247
19586136
830538
19849532
26710620
19750763
37129037
10041457
3625493
28714430
4840742
3555341
1824336
17029453
510027
34514622
37326469
20357269
8444220
2767918
936725
11475653
7294348
2414467
1022869
2669423
30960666
3576677
6653234
623429
27678111
19551094
26884236
6871226
613523
4876640
6401730
2683061
20018489
1840679
35209534
11428289
23171468
25647178
7892426
7457585
29835612
8505705
4000297
7569391
620584
6369361
752578
12157845
19122224
3040324
27846975
34612044
3221643
995704
32897247
978103
5146246
19765550
12784381
37841333
18464536
3244638
700921
17005941
1213621
7544419
1457442
23694954
14769228
4669559
17225785
39990122
841439
2871201
3785155
1714062
34248985
3272242
17670975
12686359
6309553
7195678
4284412
4157688
22486092
6454918
18060143
910441
20895276
37867645
18587605
1625427
4823434
3812500
4188573
1022869
7903796
4627984
32273067
1863861
2511486
971256
8173311
9069294
12895678
10728689
12160061
16176626
31015519
2767364
10433661
955076
1732286
7377438
9882694
19553492
16210728
1694055
2282242
1388907
11924761
6377951
20925892
12882904
5777369
14401981
929398
9097714
45914385
1332814
6811059
7588962
25144386
3493560
12514293
29090256
22025463
7724129
17326946
20279234
8734942
3933069
13589096
6215446
12907637
3036414
17247419
3228883
7856272
19302487
3662410
2510306
23091481
35795664
14536800
18682230
9809068
13978418
18835705
18850021
30334303
5765493
668069
978868
9073223
815496
1643556
7363763
935096
25245982
9087237
7121626
9566245
978320
3501643
2282046
11458290
5955229
11024292
19876322
8206485
9153098
1803155
14726107
25295843
821249
4765728
1602247
13291779
2008270
958465
4743197
5356385
22926290
7120330
3169365
10499395
10874585
3684616
5854582
10269868
34765792
2824993
28599125
7496680
6542814
14328208
1940238
20431577
19005975
17550434
16011457
39314
3563368
27366049
6903764
13375279
17999829
19555296
2518071
945923
6867506
6071842
8532349
2638686
1814439
11867942
12027613
29303393
979863
19166203
13598428
4931868
9050613
12645811
10760589
7390232
11488954
27427698
966227
2254664
1953370
5450884
7404026
12379805
5153315
13958746
16209595
36473734
825396
13963057
7833368
13249570
952759
7819316
7432858
8303592
10364482
2809952
1967138
22492220
4031689
10658361
8500285
1806364
4053752
959529
12255718
8414455
16855999
7398592
17587016
1017747
645463
2752068
11678341
37604103
729340
13660528
932387
10474683
12469521
1564298
35930559
15716880
2827519
2638490
18690065
25402472
4349146
11952205
2037512
4979913
16961881
9218076
15540923
16756443
19494005
10918889
992822
5684222
4414234
43987325
6815045
13049724
847911
22823426
3254234
4762914
1005490
23811663
18490066
14427602
20986588
6674544
3768314
9016805
3976935
19690456
38366920
20466381
937407
1900504
863549
15149318
18173696
971508
4762333
4412262
21731761
2902906
3493233
12151203
9515376
1003228
1992658
6981096
11347830
12388150
143844
20003473
1339072
1926577
26231979
21510803
4479029
7920767
5880841
11579169
29406010
4443039
1906278
29959130
457269
2802021
2325243
20304591
11033648
30094557
8918443
25378163
25399553
16424621
883907
23878218
13710426
5980507
972098
929986
21978477
14794586
23072219
27777867
4514300
997894
7139588
9914405
3757824
7795344
19579877
36176467
9596349
24352602
26204093
1062764
985028
14575858
9763558
1135646
2879867
3669039
1808770
23077101
807540
2852275
1137066
3193096
22760776
6302344
28013222
7119940
10466434
12186245
29323929
7325206
724649
10933736
10613431
4348191
810269
3704263
5710713
3614352
5860442
9077672
9674057
26115526
22726229
12923196
715454
12240422
11399945
8365534
505931
3335747
2830810
7248057
1309042
19230685
6864457
5332326
15990627
16182181
935380
1638003
31805673
4779419
1872669
11394346
5156939
6652090
8696449
4933708
14806334
35732969
1297882
10291283
6637334
11779941
757203
16527132
921213
921074
18411946
4594277
3380278
3240786
1496175
6872110
11449639
24481997
1241905
1846514
1854416
11183960
32981211
7634717
3784900
6199257
12295916
3231062
3939876
2809188
894784
20653973
1678401
9507947
11349030
4061394
22547544
13342475
15146955
17567926
26152974
19486846
4509505
11128182
6752828
18155092
19518092
19606503
4488604
2587279
8193273
12294955
4566355
13812245
2585249
10741420
804325
4023053
11491042
15165836
2944013
2270297
24314292
9042518
973998
2916117
14067048
10780641
979820
7301041
944450
7844397
12771133
1858960
4210786
10866051
1073574
16109071
4210786
1289178
11247969
9499073
19736615
4705118
5608634
22359390
5658719
1941803
9628208
33369977
974508
1869762
4078021
25710177
7524858
19189287
8331614
18665995
5933713
7227744
1405765
21282818
8951331
36870090
15725884
14142589
1247038
9074367
3800909
21815046
14253718
31052382
6988424
11456878
13952299
10376956
16314164
3900290
1468968
1161049
29639634
8743582
7166630
10359417
12670935
20226566
8384611
4215216
12778265
922769
12158016
36247810
23234266
15474710
8248726
4218510
5237089
5810886
37944836
33795357
8600275
14204550
6753211
26025968
10471900
4678425
10303368
4230736
3377166
6746417
12200170
10018296
2750142
6426250
18579428
646221
5658719
19725429
9208384
1972783
9350277
19359029
16210565
2401936
5240129
24861185
4589438
32099131
8027417
9456554
28487653
13011445
5559440
974390
7514601
9422520
841344
1310304
22604505
4890897
1795943
14935957
17363801
21141506
2254810
5429139
1708818
21380621
5266461
2797781
23154730
25666563
1695967
23241225
1971272
1294459
944141
6103132
23874518
19155660
37046237
26299289
16217864
10917694
1009552
14217646
7366079
7533671
15125217
3921740
6000264
19506981
23798419
6729368
25084601
3018042
9370879
41265878
9901499
22637937
4867645
19813147
16046907
2779305
12380594
10836386
1051623
15380965
27856452
3088778
857206
5721818
3883009
9438557
7467596
1065156
3221272
2687955
6109740
725006
5802278
14715202
3604369
5285082
1790083
14734689
22338825
4096043
30544360
22664700
18510854
43117585
46521978
9060643
25303435
9617191
9021537
20576840
5095993
1637417
19651395
412792
15532486
20902341
3635862
7542449
14302394
11016552
4701711
949279
5714815
22223792
29514033
15375966
19352144
997698
1081528
32602920
23427072
23239045
5610377
13478170
7740606
28237101
22701218
633094
854334
1783472
8150969
7329168
17199530
24922839
6881389
897870
28178024
7337963
16790516
1936425
8845349
3996217
35250268
32939542
457616
26159943
675044
11291103
4465955
5568618
6512282
2259658
24231513
14362046
9678492
13076231
14588312
14186824
1050372
10198998
6395960
4134869
11619422
1338309
26034756
7644322
14794476
881837
4963680
10313072
37264550
14267636
25705957
19187062
10866760
12562139
12078712
25584222
7011638
6663241
25006951
2943063
6538707
36092409
7893200
2369052
8637496
35293890
2759368
1107431
2780363
4401076
10219341
6881389
28002449
4250134
4035486
6442975
25337695
8635756
22873356
20392677
8401952
10845575
3529819
3487027
17946580
12903970
30819827
11866534
6060026
3593825
4741753
8275015
944126
17096132
21973681
3807798
33838835
2896280
4463220
10370497
18288286
13810723
15177996
12061999
44224647
26785015
25980572
9841964
12649197
123132
1830539
30021812
5023040
9862836
3742146
9421281
883614
17044185
4502866
26199920
14600598
30279726
12818597
23969052
24830909
11923602
5382722
5450152
5219217
2360899
15745010
2348363
2032881
16764450
7804760
5424747
22099082
19504835
1732310
20260969
19043246
25838606
4775801
3955754
25091892
6096374
4425624
934304
4765942
18158410
1333055
965194
12340308
2427220
30974977
12734634
22054742
1790868
14423076
11376639
10437322
11552486
14943132
24802717
17213793
12770885
14421851
7259826
2674539
27594074
26191704
2111275
2004511
25332880
9782230
13667377
11952747
2357208
12780696
8870984
5622043
26388694
11258242
901439
7259021
22265240
20764644
22303146
1498223
2391346
2238634
10315226
11587290
32126576
8731744
2624878
1792716
12797071
2280706
17161733
702383
5520456
3824218
1724204
26863514
2448910
8448615
29852666
869767
28157081
10642561
9019175
1698557
8688503
17927091
6274530
3039424
6938332
11050365
16595087
16082827
674590
32925287
15340507
3568756
8988893
16443706
17710890
4932208
8751142
254601
32549603
2453871
8417240
1784586
1926799
6718918
4146571
6174788
34875769
6386798
7209293
22825483
18433898
7127879
3261015
3949131
9114288
5002619
2393201
15853050
1407353
17373162
16805940
12778461
26040288
4535868
3199581
11140845
2092229
12481912
15983962
4646994
1623503
37149111
683016
20910429
22936387
1523502
2182286
17276295
17719125
17927826
1472020
9437820
9239720
7056022
10954826
4700598
1788316
5509991
8418724
6564736
21807164
5250709
1224896
2402046
27848670
6445143
9915392
22621676
7673670
15186018
37688511
4809360
10326843
2349935
12087938
29424139
33519373
25904536
15921018
6563330
14395010
873255
10292240
12455252
4016943
3042876
985213
6445143
20297117
5756187
5520577
21716191
878801
19396576
16232768
27428668
3726108
4608167
38409643
41064979
6940271
10775280
18222536
23444749
11665850
16291214
26571922
925833
9132369
17018064
1756595
6561976
5584174
18781196
9471198
2978397
15609843
26990820
1977529
27435131
26459258
10196876
9311562
38753874
829750
4682778
2140685
3521454
7249597
930440
992990
5757275
7396890
23273245
24887418
27022424
30905404
3011561
37045577
3696813
15224691
1930461
718580
10476866
7273345
3774729
29874615
3743063
22391346
7794325
8000442
13684284
17112549
12503630
2584313
11314801
4771136
17265645
41250251
13157792
4304918
951210
15376998
2213859
1826111
1145378
2225233
3157829
78455
5551473
1341120
1464592
3192549
17783404
5362898
26155711
1176659
1545697
869372
17755792
14698138
32464423
1619757
28338193
15089750
1517346
7137191
22822802
2987765
15667207
6294938
755849
7663108
18653159
1871252
2640611
15455265
24435291
3864503
7282928
15975023
26472301
4465007
521008
10013612
22103707
1531350
20051442
2250725
3597734
2031582
1945946
14477010
13138541
5610982
12352883
22021295
8181463
17518697
2704749
28386068
13937205
26579128
548158
1870306
1423103
7589443
7544063
7452581
8878513
13384002
8699283
25154575
1656996
20629567
9211894
1403039
5807589
1634089
15434718
34103859
15755239
12281475
27033550
15627291
34788848
9898954
969602
198057
1007658
5090402
2225120
8398717
22799753
26102967
11903803
6731675
12050438
4246178
23843390
4708220
4596868
14940898
14489224
34706408
1886145
28945156
11322814
2554358
5566342
1881948
5665081
26884198
4845012
9884667
14921158
24929633
2069120
1235186
1788829
2993685
637021
36960069
3330571
4735353
8441023
42956846
6152820
11029679
6468069
2331218
3433355
39948544
11477393
27376721
5577251
29344993
7133545
6108875
45130614
4433552
1468618
19493343
3623394
32641713
13188844
8555617
7739334
19543788
2857056
2300514
4182818
5168338
1207627
2482403
36568228
3229197
16027769
15656510
8892632
19944264
14847457
3474168
6830707
4890654
3751310
4958564
753167
23823620
7188369
993392
9191443
2052939
14433027
2815620
979980
37676551
988069
9354773
8097917
10347145
2138704
36624822
8437381
6369191
8607023
1721345
12247591
8091989
3646511
15484009
8153062
2138483
3811118
7544944
3862175
2823318
11728797
2493898
14301852
25407239
6832859
4803734
7809886
5963082
39912120
8059633
4268351
575942
5399267
21084690
2947518
1499018
22358379
11280230
4128478
984811
23050221
29949375
3322732
1779352
20571873
21663969
4956392
29791070
6991582
5091404
24352472
15135477
11194108
2313064
4925481
2832041
2035860
3950109
18158607
16372186
4585000
1357284
28689717
1486793
10155552
1731017
3057485
1464194
15226736
10748937
8809734
5726941
8270170
6550843
9521666
10211025
32199748
99574
1885814
6765325
3024411
9788052
7089355
5344076
2556860
31306956
17718351
5287583
8560060
2079639
566682
6603549
2668055
5127611
26543148
6098716
15067327
3522262
2756924
13893638
12992110
10738546
975732
1762098
735732
2468516
13053231
3387006
1561078
3736875
12970770
4087106
1042879
19786899
7545286
13051715
17528093
6707898
6179728
5392650
14299946
14242800
16001828
1901005
7138392
15246187
13396123
3953980
2211596
1919147
6591811
8800006
1176119
26332337
2776160
567487
2997548
6061266
4739401
19279346
11519832
10536105
3429980
15749571
2607369
33674557
1901149
3562096
4677290
21972593
2522407
23847760
678102
2906262
3848985
12181804
1270176
12383092
15368571
6835021
11324864
31617067
8077520
9717724
645481
21854586
27306929
7086086
34949925
13108941
1035872
17787621
17862651
19825558
29349544
1554143
1661630
17213885
6589829
431559
2250549
21798804
2943621
22460172
1446954
1028204
19667344
6910811
14265746
250517
11212574
7608075
8098488
44620065
13549611
10740867
37142356
6214725
2130254
1190030
8509734
17758950
13993166
24638264
24620868
2767534
982818
28917690
27648719
1914381
12590288
8915434
7474451
567500
979818
5682410
32013099
