@@@@@@@@@@@@@@@@@@@@@@@@@@@@@@@@@@@@@@^^                            ,,]]]]OOOO[[[[[[[[[[[[[[OO]]]]``                                                                      ..........
@@@@@@@@@@@@@@@@@@@@@@@@@@@@@@@@@@@@@@^^                            ,,]]]]OOOO[[[[[[[[[[[[[[OO]]]]``                                                                      ..........
@@@@@@@@@@@@@@@@@@@@@@@@@@@@@@@@@@@@@@@@^^              ,,////[[..,,]]]]]]]]]]**..******........        ,,[[\\``                                                            ........
@@@@@@@@@@@@@@@@@@@@@@@@@@@@@@@@@@@@@@@@^^              ,,////[[..,,]]]]]]]]]]**..******........        ,,[[\\``                                                            ........
    \\@@@@@@@@@@@@@@@@@@@@@@@@@@@@@@@@@@@@^^    ]]@@@@@@@@@@OOOOooooooooooOOOO@@@@@@@@@@\\]],,........  ..  ..    ,,\\``                                                      ......
    \\@@@@@@@@@@@@@@@@@@@@@@@@@@@@@@@@@@@@^^    ]]@@@@@@@@@@OOOOooooooooooOOOO@@@@@@@@@@\\]],,........  ..  ..    ,,\\``                                                      ......
]]]]]]]]``\\@@@@@@@@@@@@@@@@@@@@@@@@@@@@@@@@@@@@@@@@@@OOOOOOOOoo//[[[[[[[[[[[[\\[[@@@@@@@@@@@@@@@@]]........  ....        \\``                                                  ....
]]]]]]]]``\\@@@@@@@@@@@@@@@@@@@@@@@@@@@@@@@@@@@@@@@@@@OOOOOOOOoo//[[[[[[[[[[[[\\[[@@@@@@@@@@@@@@@@]]........  ....        \\``                                                  ....
@@@@@@@@@@@@@@@@@@@@@@@@@@@@@@@@@@@@@@@@@@@@@@@@@@[[........................................,,[[OO@@@@@@\\  ..      ..        ,,\\............                                    ..
@@@@@@@@@@@@@@@@@@@@@@@@@@@@@@@@@@@@@@@@@@@@@@@@@@[[........................................,,[[OO@@@@@@\\  ..      ..        ,,\\............                                    ..
@@@@@@@@@@@@@@@@@@@@@@@@@@@@@@@@@@@@@@@@@@``..oo``....,,**......................****..  ............  ,,\\@@@@``        ..          ..      ..............                        ..
@@@@@@@@@@@@@@@@@@@@@@@@@@@@@@@@@@@@@@@@@@``..oo``....,,**......................****..  ............  ,,\\@@@@``        ..          ..      ..............                        ..
@@@@@@@@@@@@@@@@@@@@@@@@@@@@@@@@@@//``,,``..oo``......................................  ..  ......  ....    ..\\@@``        ..          \\....            ..........                
@@@@@@@@@@@@@@@@@@@@@@@@@@@@@@@@@@//``,,``..oo``......................................  ..  ......  ....    ..\\@@``        ..          \\....            ..........                
@@@@@@@@@@@@@@@@@@@@@@@@@@@@@@//``**``//..**^^....................................**..  ..  ....  ....    ..      ,,\\          ..        ,,\\,,//````**..                          
@@@@@@@@@@@@@@@@@@@@@@@@@@@@@@//``**``//..**^^....................................**..  ..  ....  ....    ..      ,,\\          ..        ,,\\,,//````**..                          
@@@@@@@@@@@@//``..==OO@@@@``//^^``==,,....==^^....................**..................  ......    ....        ..      \\``  ......  ......    ,,``\\OOOOoooo\\//..]]..              
@@@@@@@@@@@@//``..==OO@@@@``//^^``==,,....==^^....................**..................  ......    ....        ..      \\``  ......  ......    ,,``\\OOOOoooo\\//..]]..              
@@@@@@@@``....  //\\@@^^//oooo==..OO......==**......................,,``......**....  ............    ....      ..      ..\\..\\``  ............  \\..**[[ooOOOOOOoooooo\\]]``      
@@@@@@@@``....  //\\@@^^//oooo==..OO......==**......................,,``......**....  ............    ....      ..      ..\\..\\``  ............  \\..**[[ooOOOOOOoooooo\\]]``      
@@``  ........@@==@@//oo\\oo^^^^..OO......]]^^**``............**........**,,..****  ..............    ..    ....  ..        \\  ......  ..........  \\........****[[\\oooooooo\\==\\
@@``  ........@@==@@//oo\\oo^^^^..OO......]]^^**``............**........**,,..****  ..............    ..    ....  ..        \\  ......  ..........  \\........****[[\\oooooooo\\==\\
OOOOOOOOOOOO@@//OOOO////oo//OO....^^..**..[[==^^....^^............**......,,**``  ..........    ....  ..  ....  ........      \\,,``....  ..........  ==..........********,,\\^^oooo
OOOOOOOOOOOO@@//OOOO////oo//OO....^^..**..[[==^^....^^............**......,,**``  ..........    ....  ..  ....  ........      \\,,``....  ..........  ==..........********,,\\^^oooo
OOOOOOOO\\^^**//,,****[[oo``OO....^^  ......``,,``..==..**............**``....,,``\\........        ......    ............  ..  \\....OO``      ......  ............**********,,**,,
OOOOOOOO\\^^**//,,****[[oo``OO....^^  ......``,,``..==..**............**``....,,``\\........        ......    ............  ..  \\....OO``      ......  ............**********,,**,,
OO//,,``//**==````****^^**``==....^^  ..........**``..,,..................,,``  ..,,``\\..  ..      ..........    ..........  ..  \\........\\  ,,,,....  ==]]``......**************
OO//,,``//**==````****^^**``==....^^  ..........**``..,,..................,,``  ..,,``\\..  ..      ..........    ..........  ..  \\........\\  ,,,,....  ==]]``......**************
,,**^^oo****//,,**``..//,,oo==....==................``==^^``,,``........      ..\\``  ,,\\\\``..  ..  ..........  ....  ..........  \\..........]]....  ....\\    ``....,,********,,
,,**^^oo****//,,**``..//,,oo==....==................``==^^``,,``........      ..\\``  ,,\\\\``..  ..  ..........  ....  ..........  \\..........]]....  ....\\    ``....,,********,,
````==^^**==**``,,****==**....^^..,,``..................==//\\  \\``  ..          ........,,[[//\\..............  ........,,``......,,//\\]]**``..,,````  ==..^^  ==..............**
````==^^**==**``,,****==**....^^..,,``..................==//\\  \\``  ..          ........,,[[//\\..............  ........,,``......,,//\\]]**``..,,````  ==..^^  ==..............**
****oo****^^**``oo****==``....\\....^^....................\\**,,..  \\      ....    ..  ..  ......``,,\\......  ``......  ..\\\\....  ,,\\**\\......    ,,,,``..^^**....    ........
****oo****^^**``oo****==``....\\....^^....................\\**,,..  \\      ....    ..  ..  ......``,,\\......  ``......  ..\\\\....  ,,\\**\\......    ,,,,``..^^**....    ........
**==^^****^^==**^^****..,,....,,^^..==^^................  ..,,....\\..  ....................................  //``........  ==..==``..  ....,,,,[[OO]]**,,``[[]]......^^            
**==^^****^^==**^^****..,,....,,^^..==^^................  ..,,....\\..  ....................................  //``........  ==..==``..  ....,,,,[[OO]]**,,``[[]]......^^            
**//****==``==**^^******..\\....//....````      ....        ..``......**``  ............  ..............  ,,``..        ..  ==......^^  ..**......,,``OO..    ....,,^^              
**//****==``==**^^******..\\....//....````      ....        ..``......**``  ............  ..............  ,,``..        ..  ==......^^  ..**......,,``OO..    ....,,^^              
**oo****==**====^^****..==//^^....,,..==``\\....  ..........  ..``    ....,,\\``  ........  ..........//``..            ..  ==``......``..........^^......,,\\**....\\              
**oo****==**====^^****..==//^^....,,..==``\\....  ..........  ..``    ....,,\\``  ........  ..........//``..            ..  ==``......``..........^^......,,\\**....\\              
**oo,,^^==**====^^**``,,,,OOoo^^..**,,..\\..,,``......,,..........\\        ......[[..]]........**]]]]]]..              ..........................^^....  ==**,,\\    ,,``          
**oo,,^^==**====^^**``,,,,OOoo^^..**,,..\\..,,``......,,..........\\        ......[[..]]........**]]]]]]..              ..........................^^....  ==**,,\\    ,,``          
``oo==^^==**\\==^^..OO**..==\\,,^^..**,,``\\....,,``........,,\\``..,,``            ....,,``..    ,,]]....              ..................      ,,\\......  ==``**,,\\    ==``......
``oo==^^==**\\==^^..OO**..==\\,,^^..**,,``\\....,,``........,,\\``..,,``            ....,,``..    ,,]]....              ..................      ,,\\......  ==``**,,\\    ==``......
**oo==^^==**,,==//^^OO**..==OO..**......**\\\\**....,,\\``..........      ..  ....``//``..]]//@@@@OO@@@@OOOO@@@@@@@@\\[[[[....  ..........,,``,,``  ,,....  ,,..\\......[[]]....,,``
**oo==^^==**,,==//^^OO**..==OO..**......**\\\\**....,,\\``..........      ..  ....``//``..]]//@@@@OO@@@@OOOO@@@@@@@@\\[[[[....  ..........,,``,,``  ,,....  ,,..\\......[[]]....,,``
]]OO//\\////ooOOOO**OO......OO******,,``..**,,oo....``....,,\\``    ........,,]]==``..,,OOOO@@//@@\\OOOOOO..  ==]],,\\..==....  ....  ..  ..      ``  ......  \\..  ``..******..,,  
]]OO//\\////ooOOOO**OO......OO******,,``..**,,oo....``....,,\\``    ........,,]]==``..,,OOOO@@//@@\\OOOOOO..  ==]],,\\..==....  ....  ..  ..      ``  ......  \\..  ``..******..,,  
..==OOOOooOO\\OOOO,,==^^....==^^**..  ..,,,,....[[``....\\]]^^,,``,,[[****........  //OO//``..==\\ooOO\\OOOO[[OOOO``,,  ^^..  ....  ........,,......  ,,........==``..  [[``........
..==OOOOooOO\\OOOO,,==^^....==^^**..  ..,,,,....[[``....\\]]^^,,``,,[[****........  //OO//``..==\\ooOO\\OOOO[[OOOO``,,  ^^..  ....  ........,,......  ,,........==``..  [[``........
....@@//OOOOOO\\OO^^==OO......\\**..  ....  ..,,....==]]\\..........[[``......    ....``....  ==//^^**\\OOOO^^..==^^  ==........        ..**..  ,,    OO......  ....**....    ......
....@@//OOOOOO\\OO^^==OO......\\**..  ....  ..,,....==]]\\..........[[``......    ....``....  ==//^^**\\OOOO^^..==^^  ==........        ..**..  ,,    OO......  ....**....    ......
....==@@==OOOO^^\\OO,,OO^^....==``//..                                                          \\``            ==....OO..........    ....    ..**  ==..,,\\``..    ......,,..      
....==@@==OOOO^^\\OO,,OO^^....==``//..                                                          \\``            ==....OO..........    ....    ..**  ==..,,\\``..    ......,,..      
......\\//OOOOOO==\\^^==OO``....OO``                                                                \\........,,..,,............    ..    ......  ,,^^**..........``[[\\//,,[[``    
......\\//OOOOOO==\\^^==OO``....OO``                                                                \\........,,..,,............    ..    ......  ,,^^**..........``[[\\//,,[[``    
....,,==@@//\\OO\\^^OO==//\\``..,,^^..                                                                              ............  ..  ..        ,,[[``\\``..............  ..........
....,,==@@//\\OO\\^^OO==//\\``..,,^^..                                                                              ............  ..  ..        ,,[[``\\``..............  ..........
..==oo==OO//OO//OO^^^^OOOO,,OO``..==``                                                                              ,,............  ..^^    ..****....,,\\..\\``........  ..........
..==oo==OO//OO//OO^^^^OOOO,,OO``..==``                                                                              ,,............  ..^^    ..****....,,\\..\\``........  ..........
\\[[//**OO==OO]]..\\//^^OO^^``\\//....              ,,[[......                                                      ^^  ........    ==**OOoo**********....****,,....``..    ..  ....
\\[[//**OO==OO]]..\\//^^OO^^``\\//....              ,,[[......                                                      ^^  ........    ==**OOoo**********....****,,....``..    ..  ....
,,``,,``,,OO\\\\OO\\``....``,,[[[[....\\..        ....//@@@@@@\\..                                                ..^^  ......    ..//****\\\\******,,``............``**..........//
,,``,,``,,OO\\\\OO\\``....``,,[[[[....\\..        ....//@@@@@@\\..                                                ..^^  ......    ..//****\\\\******,,``............``**..........//
****\\****==OO^^**,,\\OO\\]]]]]][[,,\\..\\,,``  ..//@@@@//              ..                                        ..^^  ......    //^^``****,,OO......**..................    ..``  
****\\****==OO^^**,,\\OO\\]]]]]][[,,\\..\\,,``  ..//@@@@//              ..                                        ..^^  ......    //^^``****,,OO......**..................    ..``  
****,,******==OO******,,\\\\^^OO^^,,``\\..\\,,\\,,@@//                                                            ..oo  ......  //OO^^**``******\\``....****..............  //      
****,,******==OO******,,\\\\^^OO^^,,``\\..\\,,\\,,@@//                                                            ..oo  ......  //OO^^**``******\\``....****..............  //      
**************,,\\..****....\\OO^^,,]]``\\..[[,,OO^^                                      ,,......    \\          ..==``    ..  \\OO^^**********//**\\``....**,,........,,``    ,,//
**************,,\\..****....\\OO^^,,]]``\\..[[,,OO^^                                      ,,......    \\          ..==``    ..  \\OO^^**********//**\\``....**,,........,,``    ,,//
**..**************......//\\//^^``\\^^OO\\^^\\..\\\\\\                              ,,``..................          ..\\..        ,,OO``oo,,******,,,,``\\``....**\\//``  ,,//``....
**..**************......//\\//^^``\\^^OO\\^^\\..\\\\\\                              ,,``..................          ..\\..        ,,OO``oo,,******,,,,``\\``....**\\//``  ,,//``....
**********......,,//[[//oooo////oo\\//,,//``,,^^OO]]..\\``                          \\..................              ,,OO``..  ..      [[......******``****,,\\//..]]//^^****......
**********......,,//[[//oooo////oo\\//,,//``,,^^OO]]..\\``                          \\..................              ,,OO``..  ..      [[......******``****,,\\//..]]//^^****......
......]]//OO\\//ooooooooOOoo\\////..,,^^^^,,**^^OOoo==OOOO``                            ,,..........                ==``,,**\\``  ........    ..........``,,**//``[[OOoo\\``]]**//``
......]]//OO\\//ooooooooOOoo\\////..,,^^^^,,**^^OOoo==OOOO``                            ,,..........                ==``,,**\\``  ........    ..........``,,**//``[[OOoo\\``]]**//``
OO\\]]oo\\]]oo\\\\//OOOO[[\\......==\\\\****==^^OOoo..OOoo//\\``                                                  OO,,````**//    ............,,]]////``,,``\\]]``********[[//......
OO\\]]oo\\]]oo\\\\//OOOO[[\\......==\\\\****==^^OOoo..OOoo//\\``                                                  OO,,````**//    ............,,]]////``,,``\\]]``********[[//......
OO``....,,OO[[oo..........          ,,[[\\]]==``OO\\[[[[````....,,[[\\``                                      //``[[//**]][[..                ..,,\\//\\\\``**********,,//..........
OO``....,,OO[[oo..........          ,,[[\\]]==``OO\\[[[[````....,,[[\\``                                      //``[[//**]][[..                ..,,\\//\\\\``**********,,//..........
    [[\\//ooOO``....,,]]``......      ....,,^^``,,,,****]]//OO//[[\\]]....,,OOOOOO\\]]]]``....            //``\\]]//``                      ..  ..  ,,\\oo//\\]]]]]][[..,,,,**``    
    [[\\//ooOO``....,,]]``......      ....,,^^``,,,,****]]//OO//[[\\]]....,,OOOOOO\\]]]]``....            //``\\]]//``                      ..  ..  ,,\\oo//\\]]]]]][[..,,,,**``    
          \\^^//``****..                  oo**,,////``==..OOooOO``****==``****,,OOooooOO\\OO,,,,**,,\\,,==OO//\\....                  ........              ,,OO``              ..``
          \\^^//``****..                  oo**,,////``==..OOooOO``****==``****,,OOooooOO\\OO,,,,**,,\\,,==OO//\\....                  ........              ,,OO``              ..``
              \\..****..                ==//\\^^******^^..==OOOO^^**]]]]OO,,////[[//[[**..**..==``//[[[[OO,,oo==\\**            ......                  ..,,                ........
              \\..****..                ==//\\^^******^^..==OOOO^^**]]]]OO,,////[[//[[**..**..==``//[[[[OO,,oo==\\**            ......                  ..,,                ........
                \\``**..              ==oo``OO******==``....==OOOO[[^^........\\..........**//\\//****oo\\\\oooo==OO                              ``    ``        ..................
                \\``**..              ==oo``OO******==``....==OOOO[[^^........\\..........**//\\//****oo\\\\oooo==OO                              ``    ``        ..................


