Case #1:
9998 9998 1
9998 9999 1
9998 10000 1
9999 9998 1
9999 10000 1
10000 9998 1
10000 9999 1
10000 10000 1
9999 9999

Case #2:
0 0 1
0 1 1
0 2 1
1 0 1
1 2 1
2 0 1
2 1 1
2 2 1
1 1

Case #3:
0 0 1
0 1 1
0 2 1
0 3 1
0 4 1
0 5 1
0 6 1
0 7 1
0 8 1
1 0 1
1 2 1
1 3 1
1 5 1
1 6 1
1 8 1
2 0 1
2 1 1
2 2 1
2 3 1
2 4 1
2 5 1
2 6 1
2 7 1
2 8 1
3 0 1
3 1 1
3 2 1
3 3 1
3 4 1
3 5 1
3 6 1
3 7 1
3 8 1
4 0 1
4 2 1
4 3 1
4 5 1
4 6 1
4 8 1
5 0 1
5 1 1
5 2 1
5 3 1
5 4 1
5 5 1
5 6 1
5 7 1
5 8 1
6 0 1
6 1 1
6 2 1
6 3 1
6 4 1
6 5 1
6 6 1
6 7 1
6 8 1
7 0 1
7 2 1
7 3 1
7 5 1
7 6 1
7 8 1
8 0 1
8 1 1
8 2 1
8 3 1
8 4 1
8 5 1
8 6 1
8 7 1
8 8 1
1 1
1 4
1 7
4 1
4 4
4 7
7 1
7 4
7 7

Case #4:
0 1 1
1 0 1
1 1 1
22 31 1
22 32 1
22 33 1
23 31 1
23 33 1
24 31 1
24 32 1
24 33 1
98 48 1
98 49 1
98 50 1
99 48 1
99 50 1
100 48 1
100 49 1
100 50 1
0 0
23 32
99 49
